#
# There is insufficient memory for the Java Runtime Environment to continue.
# Native memory allocation (malloc) failed to allocate 2164816 bytes for Chunk::new
# Possible reasons:
#   The system is out of physical RAM or swap space
#   The process is running with CompressedOops enabled, and the Java Heap may be blocking the growth of the native heap
# Possible solutions:
#   Reduce memory load on the system
#   Increase physical memory or swap space
#   Check if swap backing store is full
#   Decrease Java heap size (-Xmx/-Xms)
#   Decrease number of Java threads
#   Decrease Java thread stack sizes (-Xss)
#   Set larger code cache with -XX:ReservedCodeCacheSize=
#   JVM is running with Unscaled Compressed Oops mode in which the Java heap is
#     placed in the first 4GB address space. The Java Heap base address is the
#     maximum limit for the native heap growth. Please use -XX:HeapBaseMinAddress
#     to set the Java Heap base and to place the Java Heap above 4GB virtual address.
# This output file may be truncated or incomplete.
#
#  Out of Memory Error (allocation.cpp:389), pid=6744, tid=0x0000000000000864
#
# JRE version: OpenJDK Runtime Environment (8.0_242-b01) (build 1.8.0_242-release-1644-b01)
# Java VM: OpenJDK 64-Bit Server VM (25.242-b01 mixed mode windows-amd64 compressed oops)
# Failed to write core dump. Minidumps are not enabled by default on client versions of Windows
#

---------------  T H R E A D  ---------------

Current thread (0x000000001968f800):  JavaThread "C2 CompilerThread1" daemon [_thread_in_native, id=2148, stack(0x000000001ade0000,0x000000001aee0000)]

Stack: [0x000000001ade0000,0x000000001aee0000]
[error occurred during error reporting (printing stack bounds), id 0xc0000005]

Native frames: (J=compiled Java code, j=interpreted, Vv=VM code, C=native code)


Current CompileTask:
C2:   2219 1506   !   4       java.net.URLClassLoader$1::run (63 bytes)


---------------  P R O C E S S  ---------------

Java Threads: ( => current thread )
  0x000000001d29d000 JavaThread "Cache worker for file hash cache (C:\Users\bilbi\.gradle\caches\6.5\fileHashes)" [_thread_blocked, id=10040, stack(0x000000001f430000,0x000000001f530000)]
  0x000000001d298800 JavaThread "File lock request listener" [_thread_in_native, id=15216, stack(0x000000001f330000,0x000000001f430000)]
  0x000000001d23b800 JavaThread "Cache worker for journal cache (C:\Users\bilbi\.gradle\caches\journal-1)" [_thread_blocked, id=7292, stack(0x000000001f230000,0x000000001f330000)]
  0x000000001b5eb800 JavaThread "Thread-9" [_thread_blocked, id=5424, stack(0x000000001ef30000,0x000000001f030000)]
  0x000000001b5d7800 JavaThread "Stdin handler" [_thread_blocked, id=12740, stack(0x000000001ee30000,0x000000001ef30000)]
  0x000000001b5d7000 JavaThread "Asynchronous log dispatcher for DefaultDaemonConnection: socket connection from /127.0.0.1:50011 to /127.0.0.1:59285" [_thread_blocked, id=13876, stack(0x000000001ed30000,0x000000001ee30000)]
  0x000000001d1e3000 JavaThread "Daemon worker" [_thread_in_Java, id=11848, stack(0x000000001ec30000,0x000000001ed30000)]
  0x000000001d1e2000 JavaThread "Cancel handler" [_thread_blocked, id=14912, stack(0x000000001eb30000,0x000000001ec30000)]
  0x000000001d155000 JavaThread "Handler for socket connection from /127.0.0.1:50011 to /127.0.0.1:59285" [_thread_in_native, id=13432, stack(0x000000001ea30000,0x000000001eb30000)]
  0x000000001d154000 JavaThread "Daemon" [_thread_blocked, id=11800, stack(0x000000001e630000,0x000000001e730000)]
  0x000000001d104000 JavaThread "Daemon periodic checks" [_thread_blocked, id=3048, stack(0x000000001e530000,0x000000001e630000)]
  0x000000001d0d7000 JavaThread "Incoming local TCP Connector on port 50011" [_thread_in_native, id=8368, stack(0x000000001e2f0000,0x000000001e3f0000)]
  0x00000000197ab000 JavaThread "Daemon health stats" [_thread_blocked, id=3060, stack(0x000000001cab0000,0x000000001cbb0000)]
  0x0000000019717000 JavaThread "Service Thread" daemon [_thread_blocked, id=4100, stack(0x000000001b0e0000,0x000000001b1e0000)]
  0x0000000019697800 JavaThread "C1 CompilerThread3" daemon [_thread_blocked, id=7348, stack(0x000000001afe0000,0x000000001b0e0000)]
  0x0000000019696000 JavaThread "C2 CompilerThread2" daemon [_thread_in_native, id=7308, stack(0x000000001aee0000,0x000000001afe0000)]
=>0x000000001968f800 JavaThread "C2 CompilerThread1" daemon [_thread_in_native, id=2148, stack(0x000000001ade0000,0x000000001aee0000)]
  0x0000000019689800 JavaThread "C2 CompilerThread0" daemon [_thread_in_native, id=14360, stack(0x000000001ace0000,0x000000001ade0000)]
  0x0000000019685000 JavaThread "Attach Listener" daemon [_thread_blocked, id=14904, stack(0x000000001abe0000,0x000000001ace0000)]
  0x0000000019684000 JavaThread "Signal Dispatcher" daemon [_thread_blocked, id=10624, stack(0x000000001aae0000,0x000000001abe0000)]
  0x0000000002d2b000 JavaThread "Finalizer" daemon [_thread_blocked, id=12036, stack(0x000000001a8e0000,0x000000001a9e0000)]
  0x0000000017f9c800 JavaThread "Reference Handler" daemon [_thread_blocked, id=15196, stack(0x000000001a7e0000,0x000000001a8e0000)]
  0x0000000002c32800 JavaThread "main" [_thread_blocked, id=14648, stack(0x0000000002b30000,0x0000000002c30000)]

Other Threads:
  0x0000000017f96800 VMThread [stack: 0x000000001a6e0000,0x000000001a7e0000] [id=1004]
  0x0000000019718800 WatcherThread [stack: 0x000000001b1e0000,0x000000001b2e0000] [id=15108]

VM state:not at safepoint (normal execution)

VM Mutex/Monitor currently owned by a thread: None

heap address: 0x0000000080000000, size: 2048 MB, Compressed Oops mode: 32-bit
Narrow klass base: 0x0000000000000000, Narrow klass shift: 3
Compressed class space size: 1073741824 Address: 0x0000000100000000

Heap:
 PSYoungGen      total 37888K, used 7928K [0x00000000d5580000, 0x00000000d7f80000, 0x0000000100000000)
  eden space 32768K, 8% used [0x00000000d5580000,0x00000000d5842090,0x00000000d7580000)
  from space 5120K, 99% used [0x00000000d7580000,0x00000000d7a7c030,0x00000000d7a80000)
  to   space 5120K, 0% used [0x00000000d7a80000,0x00000000d7a80000,0x00000000d7f80000)
 ParOldGen       total 86016K, used 6137K [0x0000000080000000, 0x0000000085400000, 0x00000000d5580000)
  object space 86016K, 7% used [0x0000000080000000,0x00000000805fe6f8,0x0000000085400000)
 Metaspace       used 17677K, capacity 18310K, committed 18560K, reserved 1064960K
  class space    used 2418K, capacity 2639K, committed 2688K, reserved 1048576K

Card table byte_map: [0x00000000120f0000,0x0000000012500000] byte_map_base: 0x0000000011cf0000

Marking Bits: (ParMarkBitMap*) 0x0000000068b6f030
 Begin Bits: [0x00000000131b0000, 0x00000000151b0000)
 End Bits:   [0x00000000151b0000, 0x00000000171b0000)

Polling page: 0x00000000011e0000

CodeCache: size=245760Kb used=5712Kb max_used=5712Kb free=240047Kb
 bounds [0x0000000002d30000, 0x00000000032d0000, 0x0000000011d30000]
 total_blobs=2056 nmethods=1652 adapters=317
 compilation: enabled

Compilation events (10 events):
Event: 2.206 Thread 0x0000000019697800 nmethod 1651 0x00000000032c6450 code [0x00000000032c65c0, 0x00000000032c6790]
Event: 2.210 Thread 0x0000000019697800 1655       3       java.util.HashMap$ValueIterator::next (8 bytes)
Event: 2.211 Thread 0x0000000019697800 nmethod 1655 0x00000000032c6850 code [0x00000000032c69c0, 0x00000000032c6bc8]
Event: 2.211 Thread 0x0000000019697800 1656       3       sun.misc.ProxyGenerator::code_aload (11 bytes)
Event: 2.211 Thread 0x0000000019697800 nmethod 1656 0x00000000032c6c90 code [0x00000000032c6e00, 0x00000000032c6fa8]
Event: 2.211 Thread 0x0000000019697800 1657       1       sun.misc.ProxyGenerator::access$800 (5 bytes)
Event: 2.211 Thread 0x0000000019697800 nmethod 1657 0x00000000032c7050 code [0x00000000032c71a0, 0x00000000032c7290]
Event: 2.218 Thread 0x0000000019697800 1658       3       org.gradle.internal.service.DefaultServiceRegistry$ManagedObjectServiceProvider::requiredBy (20 bytes)
Event: 2.218 Thread 0x0000000019697800 nmethod 1658 0x00000000032c7790 code [0x00000000032c7920, 0x00000000032c7e48]
Event: 2.218 Thread 0x0000000019697800 1659       3       org.gradle.internal.service.DefaultServiceRegistry$ManagedObjectServiceProvider::fromSameRegistry (27 bytes)

GC Heap History (10 events):
Event: 0.632 GC heap before
{Heap before GC invocations=1 (full 0):
 PSYoungGen      total 37888K, used 32768K [0x00000000d5580000, 0x00000000d7f80000, 0x0000000100000000)
  eden space 32768K, 100% used [0x00000000d5580000,0x00000000d7580000,0x00000000d7580000)
  from space 5120K, 0% used [0x00000000d7a80000,0x00000000d7a80000,0x00000000d7f80000)
  to   space 5120K, 0% used [0x00000000d7580000,0x00000000d7580000,0x00000000d7a80000)
 ParOldGen       total 86016K, used 0K [0x0000000080000000, 0x0000000085400000, 0x00000000d5580000)
  object space 86016K, 0% used [0x0000000080000000,0x0000000080000000,0x0000000085400000)
 Metaspace       used 7527K, capacity 7774K, committed 8064K, reserved 1056768K
  class space    used 928K, capacity 1037K, committed 1152K, reserved 1048576K
Event: 0.636 GC heap after
Heap after GC invocations=1 (full 0):
 PSYoungGen      total 37888K, used 4635K [0x00000000d5580000, 0x00000000d7f80000, 0x0000000100000000)
  eden space 32768K, 0% used [0x00000000d5580000,0x00000000d5580000,0x00000000d7580000)
  from space 5120K, 90% used [0x00000000d7580000,0x00000000d7a06cd8,0x00000000d7a80000)
  to   space 5120K, 0% used [0x00000000d7a80000,0x00000000d7a80000,0x00000000d7f80000)
 ParOldGen       total 86016K, used 16K [0x0000000080000000, 0x0000000085400000, 0x00000000d5580000)
  object space 86016K, 0% used [0x0000000080000000,0x0000000080004000,0x0000000085400000)
 Metaspace       used 7527K, capacity 7774K, committed 8064K, reserved 1056768K
  class space    used 928K, capacity 1037K, committed 1152K, reserved 1048576K
}
Event: 0.840 GC heap before
{Heap before GC invocations=2 (full 0):
 PSYoungGen      total 37888K, used 37403K [0x00000000d5580000, 0x00000000d7f80000, 0x0000000100000000)
  eden space 32768K, 100% used [0x00000000d5580000,0x00000000d7580000,0x00000000d7580000)
  from space 5120K, 90% used [0x00000000d7580000,0x00000000d7a06cd8,0x00000000d7a80000)
  to   space 5120K, 0% used [0x00000000d7a80000,0x00000000d7a80000,0x00000000d7f80000)
 ParOldGen       total 86016K, used 16K [0x0000000080000000, 0x0000000085400000, 0x00000000d5580000)
  object space 86016K, 0% used [0x0000000080000000,0x0000000080004000,0x0000000085400000)
 Metaspace       used 7769K, capacity 7984K, committed 8320K, reserved 1056768K
  class space    used 949K, capacity 1043K, committed 1152K, reserved 1048576K
Event: 0.843 GC heap after
Heap after GC invocations=2 (full 0):
 PSYoungGen      total 37888K, used 3425K [0x00000000d5580000, 0x00000000d7f80000, 0x0000000100000000)
  eden space 32768K, 0% used [0x00000000d5580000,0x00000000d5580000,0x00000000d7580000)
  from space 5120K, 66% used [0x00000000d7a80000,0x00000000d7dd8608,0x00000000d7f80000)
  to   space 5120K, 0% used [0x00000000d7580000,0x00000000d7580000,0x00000000d7a80000)
 ParOldGen       total 86016K, used 24K [0x0000000080000000, 0x0000000085400000, 0x00000000d5580000)
  object space 86016K, 0% used [0x0000000080000000,0x0000000080006000,0x0000000085400000)
 Metaspace       used 7769K, capacity 7984K, committed 8320K, reserved 1056768K
  class space    used 949K, capacity 1043K, committed 1152K, reserved 1048576K
}
Event: 1.690 GC heap before
{Heap before GC invocations=3 (full 0):
 PSYoungGen      total 37888K, used 36193K [0x00000000d5580000, 0x00000000d7f80000, 0x0000000100000000)
  eden space 32768K, 100% used [0x00000000d5580000,0x00000000d7580000,0x00000000d7580000)
  from space 5120K, 66% used [0x00000000d7a80000,0x00000000d7dd8608,0x00000000d7f80000)
  to   space 5120K, 0% used [0x00000000d7580000,0x00000000d7580000,0x00000000d7a80000)
 ParOldGen       total 86016K, used 24K [0x0000000080000000, 0x0000000085400000, 0x00000000d5580000)
  object space 86016K, 0% used [0x0000000080000000,0x0000000080006000,0x0000000085400000)
 Metaspace       used 11756K, capacity 12086K, committed 12416K, reserved 1060864K
  class space    used 1555K, capacity 1645K, committed 1664K, reserved 1048576K
Event: 1.694 GC heap after
Heap after GC invocations=3 (full 0):
 PSYoungGen      total 37888K, used 5120K [0x00000000d5580000, 0x00000000d7f80000, 0x0000000100000000)
  eden space 32768K, 0% used [0x00000000d5580000,0x00000000d5580000,0x00000000d7580000)
  from space 5120K, 100% used [0x00000000d7580000,0x00000000d7a80000,0x00000000d7a80000)
  to   space 5120K, 0% used [0x00000000d7a80000,0x00000000d7a80000,0x00000000d7f80000)
 ParOldGen       total 86016K, used 899K [0x0000000080000000, 0x0000000085400000, 0x00000000d5580000)
  object space 86016K, 1% used [0x0000000080000000,0x00000000800e0c80,0x0000000085400000)
 Metaspace       used 11756K, capacity 12086K, committed 12416K, reserved 1060864K
  class space    used 1555K, capacity 1645K, committed 1664K, reserved 1048576K
}
Event: 1.949 GC heap before
{Heap before GC invocations=4 (full 0):
 PSYoungGen      total 37888K, used 37888K [0x00000000d5580000, 0x00000000d7f80000, 0x0000000100000000)
  eden space 32768K, 100% used [0x00000000d5580000,0x00000000d7580000,0x00000000d7580000)
  from space 5120K, 100% used [0x00000000d7580000,0x00000000d7a80000,0x00000000d7a80000)
  to   space 5120K, 0% used [0x00000000d7a80000,0x00000000d7a80000,0x00000000d7f80000)
 ParOldGen       total 86016K, used 899K [0x0000000080000000, 0x0000000085400000, 0x00000000d5580000)
  object space 86016K, 1% used [0x0000000080000000,0x00000000800e0c80,0x0000000085400000)
 Metaspace       used 14558K, capacity 15102K, committed 15232K, reserved 1062912K
  class space    used 1995K, capacity 2165K, committed 2176K, reserved 1048576K
Event: 1.953 GC heap after
Heap after GC invocations=4 (full 0):
 PSYoungGen      total 37888K, used 5103K [0x00000000d5580000, 0x00000000d7f80000, 0x0000000100000000)
  eden space 32768K, 0% used [0x00000000d5580000,0x00000000d5580000,0x00000000d7580000)
  from space 5120K, 99% used [0x00000000d7a80000,0x00000000d7f7bc20,0x00000000d7f80000)
  to   space 5120K, 0% used [0x00000000d7580000,0x00000000d7580000,0x00000000d7a80000)
 ParOldGen       total 86016K, used 3285K [0x0000000080000000, 0x0000000085400000, 0x00000000d5580000)
  object space 86016K, 3% used [0x0000000080000000,0x0000000080335688,0x0000000085400000)
 Metaspace       used 14558K, capacity 15102K, committed 15232K, reserved 1062912K
  class space    used 1995K, capacity 2165K, committed 2176K, reserved 1048576K
}
Event: 2.193 GC heap before
{Heap before GC invocations=5 (full 0):
 PSYoungGen      total 37888K, used 37871K [0x00000000d5580000, 0x00000000d7f80000, 0x0000000100000000)
  eden space 32768K, 100% used [0x00000000d5580000,0x00000000d7580000,0x00000000d7580000)
  from space 5120K, 99% used [0x00000000d7a80000,0x00000000d7f7bc20,0x00000000d7f80000)
  to   space 5120K, 0% used [0x00000000d7580000,0x00000000d7580000,0x00000000d7a80000)
 ParOldGen       total 86016K, used 3285K [0x0000000080000000, 0x0000000085400000, 0x00000000d5580000)
  object space 86016K, 3% used [0x0000000080000000,0x0000000080335688,0x0000000085400000)
 Metaspace       used 17502K, capacity 18182K, committed 18560K, reserved 1064960K
  class space    used 2392K, capacity 2575K, committed 2688K, reserved 1048576K
Event: 2.200 GC heap after
Heap after GC invocations=5 (full 0):
 PSYoungGen      total 37888K, used 5104K [0x00000000d5580000, 0x00000000d7f80000, 0x0000000100000000)
  eden space 32768K, 0% used [0x00000000d5580000,0x00000000d5580000,0x00000000d7580000)
  from space 5120K, 99% used [0x00000000d7580000,0x00000000d7a7c030,0x00000000d7a80000)
  to   space 5120K, 0% used [0x00000000d7a80000,0x00000000d7a80000,0x00000000d7f80000)
 ParOldGen       total 86016K, used 6137K [0x0000000080000000, 0x0000000085400000, 0x00000000d5580000)
  object space 86016K, 7% used [0x0000000080000000,0x00000000805fe6f8,0x0000000085400000)
 Metaspace       used 17502K, capacity 18182K, committed 18560K, reserved 1064960K
  class space    used 2392K, capacity 2575K, committed 2688K, reserved 1048576K
}

Deoptimization events (10 events):
Event: 1.892 Thread 0x000000001d1e3000 Uncommon trap: reason=class_check action=maybe_recompile pc=0x00000000030651d8 method=java.util.regex.Matcher.match(II)Z @ 86
Event: 1.914 Thread 0x000000001d1e3000 Uncommon trap: reason=class_check action=maybe_recompile pc=0x00000000030651d8 method=java.util.regex.Matcher.match(II)Z @ 86
Event: 1.914 Thread 0x000000001d1e3000 Uncommon trap: reason=class_check action=maybe_recompile pc=0x00000000030651d8 method=java.util.regex.Matcher.match(II)Z @ 86
Event: 1.914 Thread 0x000000001d1e3000 Uncommon trap: reason=class_check action=maybe_recompile pc=0x0000000002edf70c method=java.util.regex.Matcher.match(II)Z @ 86
Event: 1.982 Thread 0x000000001d1e3000 Uncommon trap: reason=unstable_if action=reinterpret pc=0x000000000304985c method=java.io.File.getName()Ljava/lang/String; @ 16
Event: 2.141 Thread 0x000000001d1e3000 Uncommon trap: reason=unstable_if action=reinterpret pc=0x00000000030be9f0 method=java.util.LinkedHashMap.afterNodeInsertion(Z)V @ 1
Event: 2.142 Thread 0x000000001d1e3000 Uncommon trap: reason=unstable_if action=reinterpret pc=0x0000000002f93a84 method=java.util.HashMap.getNode(ILjava/lang/Object;)Ljava/util/HashMap$Node; @ 129
Event: 2.142 Thread 0x000000001d1e3000 Uncommon trap: reason=bimorphic action=maybe_recompile pc=0x0000000003205bfc method=java.util.HashMap.putVal(ILjava/lang/Object;Ljava/lang/Object;ZZ)Ljava/lang/Object; @ 203
Event: 2.145 Thread 0x000000001d1e3000 Uncommon trap: reason=unstable_if action=reinterpret pc=0x0000000002f7b1d0 method=java.util.HashMap.getNode(ILjava/lang/Object;)Ljava/util/HashMap$Node; @ 129
Event: 2.145 Thread 0x000000001d1e3000 Uncommon trap: reason=bimorphic action=maybe_recompile pc=0x0000000003205bfc method=java.util.HashMap.putVal(ILjava/lang/Object;Ljava/lang/Object;ZZ)Ljava/lang/Object; @ 203

Classes redefined (0 events):
No events

Internal exceptions (10 events):
Event: 1.709 Thread 0x000000001d155000 Exception <a 'java/lang/NoSuchMethodError': <clinit>> (0x00000000d5625c58) thrown at [C:\src\AOSP-openjdk-git\hotspot\src\share\vm\prims\jni.cpp, line 1615]
Event: 1.710 Thread 0x000000001d155000 Exception <a 'java/lang/NoSuchMethodError': <clinit>> (0x00000000d563bfa8) thrown at [C:\src\AOSP-openjdk-git\hotspot\src\share\vm\prims\jni.cpp, line 1615]
Event: 1.719 Thread 0x000000001d155000 Exception <a 'java/lang/NoSuchMethodError': <clinit>> (0x00000000d56b8390) thrown at [C:\src\AOSP-openjdk-git\hotspot\src\share\vm\prims\jni.cpp, line 1615]
Event: 1.721 Thread 0x000000001d155000 Exception <a 'java/lang/NoSuchMethodError': <clinit>> (0x00000000d56e7a70) thrown at [C:\src\AOSP-openjdk-git\hotspot\src\share\vm\prims\jni.cpp, line 1615]
Event: 1.724 Thread 0x000000001d155000 Exception <a 'java/lang/NoSuchMethodError': <clinit>> (0x00000000d5716040) thrown at [C:\src\AOSP-openjdk-git\hotspot\src\share\vm\prims\jni.cpp, line 1615]
Event: 1.725 Thread 0x000000001d155000 Exception <a 'java/lang/NoSuchMethodError': <clinit>> (0x00000000d57224b8) thrown at [C:\src\AOSP-openjdk-git\hotspot\src\share\vm\prims\jni.cpp, line 1615]
Event: 2.008 Thread 0x000000001d1e3000 Exception <a 'java/lang/NoSuchMethodError': java.lang.Object.lambda$and$0(Ljava/util/function/Predicate;Ljava/lang/Object;)Z> (0x00000000d5b64a38) thrown at [C:\src\AOSP-openjdk-git\hotspot\src\share\vm\interpreter\linkResolver.cpp, line 620]
Event: 2.010 Thread 0x000000001d1e3000 Exception <a 'java/lang/IncompatibleClassChangeError': Found class java.lang.Object, but interface was expected> (0x00000000d5b74d30) thrown at [C:\src\AOSP-openjdk-git\hotspot\src\share\vm\interpreter\linkResolver.cpp, line 653]
Event: 2.011 Thread 0x000000001d1e3000 Exception <a 'java/lang/NoSuchMethodError': java.lang.Object.lambda$or$2(Ljava/util/function/Predicate;Ljava/lang/Object;)Z> (0x00000000d5b79880) thrown at [C:\src\AOSP-openjdk-git\hotspot\src\share\vm\interpreter\linkResolver.cpp, line 620]
Event: 2.174 Thread 0x000000001d1e3000 Exception <a 'java/lang/NoSuchMethodError': java.lang.Object.lambda$static$0(Lorg/gradle/internal/state/ModelObject;)Ljava/lang/String;> (0x00000000d7364b98) thrown at [C:\src\AOSP-openjdk-git\hotspot\src\share\vm\interpreter\linkResolver.cpp, line 620]

Events (10 events):
Event: 2.217 loading class org/gradle/plugin/internal/InvalidPluginIdException
Event: 2.217 loading class org/gradle/plugin/internal/InvalidPluginIdException done
Event: 2.217 loading class java/util/DualPivotQuicksort
Event: 2.217 loading class java/util/DualPivotQuicksort done
Event: 2.217 loading class org/gradle/plugin/management/internal/SingletonPluginRequests
Event: 2.217 loading class org/gradle/plugin/management/internal/SingletonPluginRequests done
Event: 2.218 loading class org/gradle/plugin/management/internal/autoapply/DefaultAutoAppliedPluginHandler
Event: 2.218 loading class org/gradle/plugin/management/internal/autoapply/DefaultAutoAppliedPluginHandler done
Event: 2.218 loading class org/gradle/composite/internal/plugins/CompositeBuildPluginResolverContributor
Event: 2.218 loading class org/gradle/composite/internal/plugins/CompositeBuildPluginResolverContributor done


Dynamic libraries:
0x00007ff673670000 - 0x00007ff6736a1000 	C:\Program Files\Android\Android Studio\jre\bin\java.exe
0x00007ffdb5890000 - 0x00007ffdb5a85000 	C:\Windows\SYSTEM32\ntdll.dll
0x00007ffdb4800000 - 0x00007ffdb48bd000 	C:\Windows\System32\KERNEL32.DLL
0x00007ffdb3070000 - 0x00007ffdb3339000 	C:\Windows\System32\KERNELBASE.dll
0x00007ffdb40f0000 - 0x00007ffdb419c000 	C:\Windows\System32\ADVAPI32.dll
0x00007ffdb49e0000 - 0x00007ffdb4a7e000 	C:\Windows\System32\msvcrt.dll
0x00007ffdb4f40000 - 0x00007ffdb4fdb000 	C:\Windows\System32\sechost.dll
0x00007ffdb4350000 - 0x00007ffdb447a000 	C:\Windows\System32\RPCRT4.dll
0x00007ffdb4a80000 - 0x00007ffdb4c20000 	C:\Windows\System32\USER32.dll
0x00007ffdb3550000 - 0x00007ffdb3572000 	C:\Windows\System32\win32u.dll
0x00007ffdb46d0000 - 0x00007ffdb46fa000 	C:\Windows\System32\GDI32.dll
0x00007ffdb3580000 - 0x00007ffdb368b000 	C:\Windows\System32\gdi32full.dll
0x00007ffdb2fd0000 - 0x00007ffdb306d000 	C:\Windows\System32\msvcp_win.dll
0x00007ffdb3450000 - 0x00007ffdb3550000 	C:\Windows\System32\ucrtbase.dll
0x00007ffd9f0c0000 - 0x00007ffd9f35a000 	C:\Windows\WinSxS\amd64_microsoft.windows.common-controls_6595b64144ccf1df_6.0.19041.1083_none_60bbe31371f34e71\COMCTL32.dll
0x00007ffdb47b0000 - 0x00007ffdb47e0000 	C:\Windows\System32\IMM32.DLL
0x00000000682c0000 - 0x0000000068392000 	C:\Program Files\Android\Android Studio\jre\jre\bin\msvcr100.dll
0x00000000683a0000 - 0x0000000068beb000 	C:\Program Files\Android\Android Studio\jre\jre\bin\server\jvm.dll
0x00007ffdb47f0000 - 0x00007ffdb47f8000 	C:\Windows\System32\PSAPI.DLL
0x00007ffdae640000 - 0x00007ffdae649000 	C:\Windows\SYSTEM32\WSOCK32.dll
0x00007ffdb4600000 - 0x00007ffdb466b000 	C:\Windows\System32\WS2_32.dll
0x00007ffdab3a0000 - 0x00007ffdab3aa000 	C:\Windows\SYSTEM32\VERSION.dll
0x00007ffd91da0000 - 0x00007ffd91dc7000 	C:\Windows\SYSTEM32\WINMM.dll
0x00007ffdae630000 - 0x00007ffdae63f000 	C:\Program Files\Android\Android Studio\jre\jre\bin\verify.dll
0x00007ffdae600000 - 0x00007ffdae629000 	C:\Program Files\Android\Android Studio\jre\jre\bin\java.dll
0x00007ffd85a70000 - 0x00007ffd85a86000 	C:\Program Files\Android\Android Studio\jre\jre\bin\zip.dll
0x00007ffdb5110000 - 0x00007ffdb584f000 	C:\Windows\System32\SHELL32.dll
0x00007ffdb0d50000 - 0x00007ffdb14e1000 	C:\Windows\SYSTEM32\windows.storage.dll
0x00007ffdb3d90000 - 0x00007ffdb40e5000 	C:\Windows\System32\combase.dll
0x00007ffdb2a40000 - 0x00007ffdb2a6c000 	C:\Windows\SYSTEM32\Wldp.dll
0x00007ffdb4550000 - 0x00007ffdb45fe000 	C:\Windows\System32\SHCORE.dll
0x00007ffdb4920000 - 0x00007ffdb4975000 	C:\Windows\System32\shlwapi.dll
0x00007ffdb2f10000 - 0x00007ffdb2f2f000 	C:\Windows\SYSTEM32\profapi.dll
0x00007ffd85100000 - 0x00007ffd8511a000 	C:\Program Files\Android\Android Studio\jre\jre\bin\net.dll
0x00007ffdb27a0000 - 0x00007ffdb280a000 	C:\Windows\system32\mswsock.dll
0x00007ffd7da70000 - 0x00007ffd7da83000 	C:\Program Files\Android\Android Studio\jre\jre\bin\nio.dll
0x00007ffdae560000 - 0x00007ffdae587000 	C:\Users\bilbi\.gradle\native\f6784746aeab05261644944871eae4fe03e0ef1612fff0a4a95f87b438bc6780\windows-amd64\native-platform.dll
0x00007ffdae5f0000 - 0x00007ffdae5fd000 	C:\Program Files\Android\Android Studio\jre\jre\bin\management.dll
0x00007ffdb2980000 - 0x00007ffdb2998000 	C:\Windows\SYSTEM32\CRYPTSP.dll
0x00007ffdb20d0000 - 0x00007ffdb2104000 	C:\Windows\system32\rsaenh.dll
0x00007ffdb3690000 - 0x00007ffdb36b7000 	C:\Windows\System32\bcrypt.dll
0x00007ffdb2ed0000 - 0x00007ffdb2efe000 	C:\Windows\SYSTEM32\USERENV.dll
0x00007ffdb3870000 - 0x00007ffdb38f3000 	C:\Windows\System32\bcryptprimitives.dll
0x00007ffdb29a0000 - 0x00007ffdb29ac000 	C:\Windows\SYSTEM32\CRYPTBASE.dll
0x00007ffdb2440000 - 0x00007ffdb247b000 	C:\Windows\SYSTEM32\IPHLPAPI.DLL
0x00007ffdb4c20000 - 0x00007ffdb4c28000 	C:\Windows\System32\NSI.dll
0x00007ffdab130000 - 0x00007ffdab147000 	C:\Windows\SYSTEM32\dhcpcsvc6.DLL
0x00007ffdab110000 - 0x00007ffdab12d000 	C:\Windows\SYSTEM32\dhcpcsvc.DLL
0x00007ffdb2480000 - 0x00007ffdb254c000 	C:\Windows\SYSTEM32\DNSAPI.dll
0x00007ffdab4d0000 - 0x00007ffdab4db000 	C:\Windows\SYSTEM32\WINNSI.DLL

VM Arguments:
jvm_args: -Xmx2048m -Dfile.encoding=UTF-8 -Duser.country=ID -Duser.language=en -Duser.variant 
java_command: org.gradle.launcher.daemon.bootstrap.GradleDaemon 6.5
java_class_path (initial): C:\Users\bilbi\.gradle\wrapper\dists\gradle-6.5-all\2oz4ud9k3tuxjg84bbf55q0tn\gradle-6.5\lib\gradle-launcher-6.5.jar
Launcher Type: SUN_STANDARD

Environment Variables:
PATH=C:\Windows\system32;C:\Windows;C:\Windows\System32\Wbem;C:\Windows\System32\WindowsPowerShell\v1.0\;C:\Windows\System32\OpenSSH\;C:\Program Files\Azure Data Studio\bin;G:\GIT\Git\cmd;C:\Program Files (x86)\NVIDIA Corporation\PhysX\Common;C:\Program Files\NVIDIA Corporation\NVIDIA NvDLISR;C:\Program Files (x86)\sqlite3;C:\Program Files (x86)\PuTTY\;C:\Users\bilbi\AppData\Local\Microsoft\WindowsApps;C:\Users\bilbi\AppData\Local\GitHubDesktop\bin;C:\adb;C:\Program Files\dotnet\;C:\Program Files (x86)\dotnet\;C:\Program Files\Microsoft SQL Server\Client SDK\ODBC\170\Tools\Binn\;C:\Program Files (x86)\Microsoft SQL Server\150\Tools\Binn\;C:\Program Files\Microsoft SQL Server\150\Tools\Binn\;C:\Program Files\Microsoft SQL Server\150\DTS\Binn\;C:\Program Files (x86)\Microsoft SQL Server\150\DTS\Binn\;C:\Program Files\Microsoft SQL Server\130\Tools\Binn\;C:\Users\bilbi\AppData\Local\Microsoft\WindowsApps;C:\Program Files\Azure Data Studio\bin;C:\Users\bilbi\AppData\Local\GitHubDesktop\bin;C:\Users\bilbi\.dotnet\tools
USERNAME=bill
OS=Windows_NT
PROCESSOR_IDENTIFIER=Intel64 Family 6 Model 158 Stepping 10, GenuineIntel



---------------  S Y S T E M  ---------------

OS: Windows 10.0 , 64 bit Build 19041 (10.0.19041.1023)

CPU:total 12 (initial active 12) (6 cores per cpu, 2 threads per core) family 6 model 158 stepping 10, cmov, cx8, fxsr, mmx, sse, sse2, sse3, ssse3, sse4.1, sse4.2, popcnt, avx, avx2, aes, clmul, erms, 3dnowpref, lzcnt, ht, tsc, tscinvbit, bmi1, bmi2, adx

Memory: 4k page, physical 8235768k(700068k free), swap 16624376k(5808k free)

vm_info: OpenJDK 64-Bit Server VM (25.242-b01) for windows-amd64 JRE (1.8.0_242-release-1644-b01), built by "builder" with MS VC++ 10.0 (VS2010)

time: Fri Jul 09 22:57:26 2021
timezone: SE Asia Standard Time
elapsed time: 2 seconds (0d 0h 0m 2s)

