#
# There is insufficient memory for the Java Runtime Environment to continue.
# Native memory allocation (malloc) failed to allocate 2153136 bytes for Chunk::new
# Possible reasons:
#   The system is out of physical RAM or swap space
#   The process is running with CompressedOops enabled, and the Java Heap may be blocking the growth of the native heap
# Possible solutions:
#   Reduce memory load on the system
#   Increase physical memory or swap space
#   Check if swap backing store is full
#   Decrease Java heap size (-Xmx/-Xms)
#   Decrease number of Java threads
#   Decrease Java thread stack sizes (-Xss)
#   Set larger code cache with -XX:ReservedCodeCacheSize=
#   JVM is running with Unscaled Compressed Oops mode in which the Java heap is
#     placed in the first 4GB address space. The Java Heap base address is the
#     maximum limit for the native heap growth. Please use -XX:HeapBaseMinAddress
#     to set the Java Heap base and to place the Java Heap above 4GB virtual address.
# This output file may be truncated or incomplete.
#
#  Out of Memory Error (allocation.cpp:389), pid=13584, tid=0x000000000000086c
#
# JRE version: OpenJDK Runtime Environment (8.0_242-b01) (build 1.8.0_242-release-1644-b01)
# Java VM: OpenJDK 64-Bit Server VM (25.242-b01 mixed mode windows-amd64 compressed oops)
# Failed to write core dump. Minidumps are not enabled by default on client versions of Windows
#

---------------  T H R E A D  ---------------

Current thread (0x00000000197ed800):  JavaThread "C2 CompilerThread1" daemon [_thread_in_native, id=2156, stack(0x000000001af40000,0x000000001b040000)]

Stack: [0x000000001af40000,0x000000001b040000]
[error occurred during error reporting (printing stack bounds), id 0xc0000005]

Native frames: (J=compiled Java code, j=interpreted, Vv=VM code, C=native code)


Current CompileTask:
C2:   2026 1556   !   4       java.net.URLClassLoader$1::run (63 bytes)


---------------  P R O C E S S  ---------------

Java Threads: ( => current thread )
  0x000000001d25e000 JavaThread "Cache worker for file hash cache (C:\Users\bilbi\.gradle\caches\6.5\fileHashes)" [_thread_blocked, id=1268, stack(0x000000001f560000,0x000000001f660000)]
  0x000000001d25b000 JavaThread "File lock request listener" [_thread_in_native, id=10040, stack(0x000000001f460000,0x000000001f560000)]
  0x000000001d12b800 JavaThread "Cache worker for journal cache (C:\Users\bilbi\.gradle\caches\journal-1)" [_thread_blocked, id=15216, stack(0x000000001f360000,0x000000001f460000)]
  0x000000001c2ad000 JavaThread "Thread-9" [_thread_blocked, id=7292, stack(0x000000001f060000,0x000000001f160000)]
  0x000000001c2aa800 JavaThread "Stdin handler" [_thread_blocked, id=5424, stack(0x000000001ef60000,0x000000001f060000)]
  0x000000001d135000 JavaThread "Asynchronous log dispatcher for DefaultDaemonConnection: socket connection from /127.0.0.1:56013 to /127.0.0.1:56014" [_thread_blocked, id=12740, stack(0x000000001ee60000,0x000000001ef60000)]
  0x000000001b61e800 JavaThread "Daemon worker" [_thread_in_vm, id=13876, stack(0x000000001ed60000,0x000000001ee60000)]
  0x000000001b745000 JavaThread "Cancel handler" [_thread_blocked, id=8864, stack(0x000000001ec60000,0x000000001ed60000)]
  0x000000001d17e000 JavaThread "Handler for socket connection from /127.0.0.1:56013 to /127.0.0.1:56014" [_thread_in_native, id=13832, stack(0x000000001e960000,0x000000001ea60000)]
  0x000000001d17a800 JavaThread "Daemon" [_thread_blocked, id=13432, stack(0x000000001e760000,0x000000001e860000)]
  0x000000001d0e1000 JavaThread "Daemon periodic checks" [_thread_blocked, id=3148, stack(0x000000001e660000,0x000000001e760000)]
  0x000000001d115000 JavaThread "Incoming local TCP Connector on port 56013" [_thread_in_native, id=14912, stack(0x000000001e420000,0x000000001e520000)]
  0x000000001d003000 JavaThread "Daemon health stats" [_thread_blocked, id=10568, stack(0x000000001dde0000,0x000000001dee0000)]
  0x000000001987f000 JavaThread "Service Thread" daemon [_thread_blocked, id=172, stack(0x000000001b240000,0x000000001b340000)]
  0x00000000197f7000 JavaThread "C1 CompilerThread3" daemon [_thread_in_native, id=3060, stack(0x000000001b140000,0x000000001b240000)]
  0x00000000197f3000 JavaThread "C2 CompilerThread2" daemon [_thread_in_native, id=12180, stack(0x000000001b040000,0x000000001b140000)]
=>0x00000000197ed800 JavaThread "C2 CompilerThread1" daemon [_thread_in_native, id=2156, stack(0x000000001af40000,0x000000001b040000)]
  0x00000000197e5800 JavaThread "C2 CompilerThread0" daemon [_thread_in_native, id=12104, stack(0x000000001ae40000,0x000000001af40000)]
  0x00000000197e3000 JavaThread "Attach Listener" daemon [_thread_blocked, id=14844, stack(0x000000001ad40000,0x000000001ae40000)]
  0x00000000197e2000 JavaThread "Signal Dispatcher" daemon [_thread_blocked, id=7656, stack(0x000000001ac40000,0x000000001ad40000)]
  0x0000000002e9b000 JavaThread "Finalizer" daemon [_thread_blocked, id=12108, stack(0x000000001aa40000,0x000000001ab40000)]
  0x00000000197d3000 JavaThread "Reference Handler" daemon [_thread_blocked, id=3704, stack(0x000000001a940000,0x000000001aa40000)]
  0x0000000002da2800 JavaThread "main" [_thread_blocked, id=11848, stack(0x0000000002ca0000,0x0000000002da0000)]

Other Threads:
  0x0000000018106000 VMThread [stack: 0x000000001a840000,0x000000001a940000] [id=3928]
  0x0000000019880800 WatcherThread [stack: 0x000000001b340000,0x000000001b440000] [id=6304]

VM state:not at safepoint (normal execution)

VM Mutex/Monitor currently owned by a thread: None

heap address: 0x0000000080000000, size: 2048 MB, Compressed Oops mode: 32-bit
Narrow klass base: 0x0000000000000000, Narrow klass shift: 3
Compressed class space size: 1073741824 Address: 0x0000000100000000

Heap:
 PSYoungGen      total 37888K, used 17866K [0x00000000d5580000, 0x00000000da880000, 0x0000000100000000)
  eden space 32768K, 38% used [0x00000000d5580000,0x00000000d61faaa8,0x00000000d7580000)
  from space 5120K, 99% used [0x00000000d7580000,0x00000000d7a78020,0x00000000d7a80000)
  to   space 9728K, 0% used [0x00000000d9f00000,0x00000000d9f00000,0x00000000da880000)
 ParOldGen       total 86016K, used 6257K [0x0000000080000000, 0x0000000085400000, 0x00000000d5580000)
  object space 86016K, 7% used [0x0000000080000000,0x000000008061c550,0x0000000085400000)
 Metaspace       used 18805K, capacity 19480K, committed 19712K, reserved 1067008K
  class space    used 2575K, capacity 2786K, committed 2816K, reserved 1048576K

Card table byte_map: [0x0000000012260000,0x0000000012670000] byte_map_base: 0x0000000011e60000

Marking Bits: (ParMarkBitMap*) 0x0000000068b6f030
 Begin Bits: [0x0000000013320000, 0x0000000015320000)
 End Bits:   [0x0000000015320000, 0x0000000017320000)

Polling page: 0x0000000002b80000

CodeCache: size=245760Kb used=5911Kb max_used=5911Kb free=239848Kb
 bounds [0x0000000002ea0000, 0x0000000003470000, 0x0000000011ea0000]
 total_blobs=2139 nmethods=1727 adapters=325
 compilation: enabled

Compilation events (10 events):
Event: 2.024 Thread 0x00000000197f7000 nmethod 1729 0x0000000003465910 code [0x0000000003465a60, 0x0000000003465bb0]
Event: 2.024 Thread 0x00000000197f7000 1730       3       org.objectweb.asm.ByteVector::putUTF8 (144 bytes)
Event: 2.025 Thread 0x00000000197f7000 nmethod 1730 0x0000000003465c50 code [0x0000000003465e40, 0x00000000034666b8]
Event: 2.025 Thread 0x00000000197f7000 1731       3       org.objectweb.asm.ByteVector::putByte (39 bytes)
Event: 2.025 Thread 0x00000000197f7000 nmethod 1731 0x0000000003466b50 code [0x0000000003466cc0, 0x0000000003466ee8]
Event: 2.025 Thread 0x00000000197f7000 1732       3       org.objectweb.asm.Symbol::<init> (38 bytes)
Event: 2.025 Thread 0x00000000197f7000 nmethod 1732 0x0000000003467010 code [0x0000000003467160, 0x0000000003467370]
Event: 2.025 Thread 0x00000000197f7000 1734       3       org.objectweb.asm.SymbolTable::put (150 bytes)
Event: 2.025 Thread 0x00000000197f7000 nmethod 1734 0x0000000003467450 code [0x0000000003467600, 0x0000000003467d30]
Event: 2.025 Thread 0x00000000197f7000 1736       3       org.objectweb.asm.SymbolTable::addConstantUtf8 (98 bytes)

GC Heap History (10 events):
Event: 0.465 GC heap before
{Heap before GC invocations=1 (full 0):
 PSYoungGen      total 37888K, used 32768K [0x00000000d5580000, 0x00000000d7f80000, 0x0000000100000000)
  eden space 32768K, 100% used [0x00000000d5580000,0x00000000d7580000,0x00000000d7580000)
  from space 5120K, 0% used [0x00000000d7a80000,0x00000000d7a80000,0x00000000d7f80000)
  to   space 5120K, 0% used [0x00000000d7580000,0x00000000d7580000,0x00000000d7a80000)
 ParOldGen       total 86016K, used 0K [0x0000000080000000, 0x0000000085400000, 0x00000000d5580000)
  object space 86016K, 0% used [0x0000000080000000,0x0000000080000000,0x0000000085400000)
 Metaspace       used 7508K, capacity 7774K, committed 8064K, reserved 1056768K
  class space    used 928K, capacity 1037K, committed 1152K, reserved 1048576K
Event: 0.469 GC heap after
Heap after GC invocations=1 (full 0):
 PSYoungGen      total 37888K, used 4604K [0x00000000d5580000, 0x00000000d7f80000, 0x0000000100000000)
  eden space 32768K, 0% used [0x00000000d5580000,0x00000000d5580000,0x00000000d7580000)
  from space 5120K, 89% used [0x00000000d7580000,0x00000000d79ff2c0,0x00000000d7a80000)
  to   space 5120K, 0% used [0x00000000d7a80000,0x00000000d7a80000,0x00000000d7f80000)
 ParOldGen       total 86016K, used 8K [0x0000000080000000, 0x0000000085400000, 0x00000000d5580000)
  object space 86016K, 0% used [0x0000000080000000,0x0000000080002000,0x0000000085400000)
 Metaspace       used 7508K, capacity 7774K, committed 8064K, reserved 1056768K
  class space    used 928K, capacity 1037K, committed 1152K, reserved 1048576K
}
Event: 0.661 GC heap before
{Heap before GC invocations=2 (full 0):
 PSYoungGen      total 37888K, used 37372K [0x00000000d5580000, 0x00000000d7f80000, 0x0000000100000000)
  eden space 32768K, 100% used [0x00000000d5580000,0x00000000d7580000,0x00000000d7580000)
  from space 5120K, 89% used [0x00000000d7580000,0x00000000d79ff2c0,0x00000000d7a80000)
  to   space 5120K, 0% used [0x00000000d7a80000,0x00000000d7a80000,0x00000000d7f80000)
 ParOldGen       total 86016K, used 8K [0x0000000080000000, 0x0000000085400000, 0x00000000d5580000)
  object space 86016K, 0% used [0x0000000080000000,0x0000000080002000,0x0000000085400000)
 Metaspace       used 7747K, capacity 7984K, committed 8320K, reserved 1056768K
  class space    used 949K, capacity 1043K, committed 1152K, reserved 1048576K
Event: 0.664 GC heap after
Heap after GC invocations=2 (full 0):
 PSYoungGen      total 37888K, used 3409K [0x00000000d5580000, 0x00000000d9f80000, 0x0000000100000000)
  eden space 32768K, 0% used [0x00000000d5580000,0x00000000d5580000,0x00000000d7580000)
  from space 5120K, 66% used [0x00000000d7a80000,0x00000000d7dd4618,0x00000000d7f80000)
  to   space 5120K, 0% used [0x00000000d7580000,0x00000000d7580000,0x00000000d7a80000)
 ParOldGen       total 86016K, used 16K [0x0000000080000000, 0x0000000085400000, 0x00000000d5580000)
  object space 86016K, 0% used [0x0000000080000000,0x0000000080004000,0x0000000085400000)
 Metaspace       used 7747K, capacity 7984K, committed 8320K, reserved 1056768K
  class space    used 949K, capacity 1043K, committed 1152K, reserved 1048576K
}
Event: 1.501 GC heap before
{Heap before GC invocations=3 (full 0):
 PSYoungGen      total 37888K, used 36177K [0x00000000d5580000, 0x00000000d9f80000, 0x0000000100000000)
  eden space 32768K, 100% used [0x00000000d5580000,0x00000000d7580000,0x00000000d7580000)
  from space 5120K, 66% used [0x00000000d7a80000,0x00000000d7dd4618,0x00000000d7f80000)
  to   space 5120K, 0% used [0x00000000d7580000,0x00000000d7580000,0x00000000d7a80000)
 ParOldGen       total 86016K, used 16K [0x0000000080000000, 0x0000000085400000, 0x00000000d5580000)
  object space 86016K, 0% used [0x0000000080000000,0x0000000080004000,0x0000000085400000)
 Metaspace       used 11862K, capacity 12206K, committed 12544K, reserved 1060864K
  class space    used 1573K, capacity 1681K, committed 1792K, reserved 1048576K
Event: 1.506 GC heap after
Heap after GC invocations=3 (full 0):
 PSYoungGen      total 37888K, used 5120K [0x00000000d5580000, 0x00000000d7f80000, 0x0000000100000000)
  eden space 32768K, 0% used [0x00000000d5580000,0x00000000d5580000,0x00000000d7580000)
  from space 5120K, 100% used [0x00000000d7580000,0x00000000d7a80000,0x00000000d7a80000)
  to   space 5120K, 0% used [0x00000000d7a80000,0x00000000d7a80000,0x00000000d7f80000)
 ParOldGen       total 86016K, used 922K [0x0000000080000000, 0x0000000085400000, 0x00000000d5580000)
  object space 86016K, 1% used [0x0000000080000000,0x00000000800e69b0,0x0000000085400000)
 Metaspace       used 11862K, capacity 12206K, committed 12544K, reserved 1060864K
  class space    used 1573K, capacity 1681K, committed 1792K, reserved 1048576K
}
Event: 1.693 GC heap before
{Heap before GC invocations=4 (full 0):
 PSYoungGen      total 37888K, used 37826K [0x00000000d5580000, 0x00000000d7f80000, 0x0000000100000000)
  eden space 32768K, 99% used [0x00000000d5580000,0x00000000d7570b90,0x00000000d7580000)
  from space 5120K, 100% used [0x00000000d7580000,0x00000000d7a80000,0x00000000d7a80000)
  to   space 5120K, 0% used [0x00000000d7a80000,0x00000000d7a80000,0x00000000d7f80000)
 ParOldGen       total 86016K, used 922K [0x0000000080000000, 0x0000000085400000, 0x00000000d5580000)
  object space 86016K, 1% used [0x0000000080000000,0x00000000800e69b0,0x0000000085400000)
 Metaspace       used 14562K, capacity 15102K, committed 15232K, reserved 1062912K
  class space    used 1996K, capacity 2165K, committed 2176K, reserved 1048576K
Event: 1.698 GC heap after
Heap after GC invocations=4 (full 0):
 PSYoungGen      total 37888K, used 5103K [0x00000000d5580000, 0x00000000d9f80000, 0x0000000100000000)
  eden space 32768K, 0% used [0x00000000d5580000,0x00000000d5580000,0x00000000d7580000)
  from space 5120K, 99% used [0x00000000d7a80000,0x00000000d7f7bc20,0x00000000d7f80000)
  to   space 5120K, 0% used [0x00000000d7580000,0x00000000d7580000,0x00000000d7a80000)
 ParOldGen       total 86016K, used 3345K [0x0000000080000000, 0x0000000085400000, 0x00000000d5580000)
  object space 86016K, 3% used [0x0000000080000000,0x0000000080344668,0x0000000085400000)
 Metaspace       used 14562K, capacity 15102K, committed 15232K, reserved 1062912K
  class space    used 1996K, capacity 2165K, committed 2176K, reserved 1048576K
}
Event: 1.906 GC heap before
{Heap before GC invocations=5 (full 0):
 PSYoungGen      total 37888K, used 37871K [0x00000000d5580000, 0x00000000d9f80000, 0x0000000100000000)
  eden space 32768K, 100% used [0x00000000d5580000,0x00000000d7580000,0x00000000d7580000)
  from space 5120K, 99% used [0x00000000d7a80000,0x00000000d7f7bc20,0x00000000d7f80000)
  to   space 5120K, 0% used [0x00000000d7580000,0x00000000d7580000,0x00000000d7a80000)
 ParOldGen       total 86016K, used 3345K [0x0000000080000000, 0x0000000085400000, 0x00000000d5580000)
  object space 86016K, 3% used [0x0000000080000000,0x0000000080344668,0x0000000085400000)
 Metaspace       used 17506K, capacity 18182K, committed 18560K, reserved 1064960K
  class space    used 2393K, capacity 2575K, committed 2688K, reserved 1048576K
Event: 1.912 GC heap after
Heap after GC invocations=5 (full 0):
 PSYoungGen      total 37888K, used 5088K [0x00000000d5580000, 0x00000000da880000, 0x0000000100000000)
  eden space 32768K, 0% used [0x00000000d5580000,0x00000000d5580000,0x00000000d7580000)
  from space 5120K, 99% used [0x00000000d7580000,0x00000000d7a78020,0x00000000d7a80000)
  to   space 9728K, 0% used [0x00000000d9f00000,0x00000000d9f00000,0x00000000da880000)
 ParOldGen       total 86016K, used 6257K [0x0000000080000000, 0x0000000085400000, 0x00000000d5580000)
  object space 86016K, 7% used [0x0000000080000000,0x000000008061c550,0x0000000085400000)
 Metaspace       used 17506K, capacity 18182K, committed 18560K, reserved 1064960K
  class space    used 2393K, capacity 2575K, committed 2688K, reserved 1048576K
}

Deoptimization events (10 events):
Event: 1.665 Thread 0x000000001b61e800 Uncommon trap: reason=class_check action=maybe_recompile pc=0x00000000031c84d8 method=java.util.regex.Matcher.match(II)Z @ 86
Event: 1.665 Thread 0x000000001b61e800 Uncommon trap: reason=class_check action=maybe_recompile pc=0x00000000031c84d8 method=java.util.regex.Matcher.match(II)Z @ 86
Event: 1.665 Thread 0x000000001b61e800 Uncommon trap: reason=class_check action=maybe_recompile pc=0x000000000304dc8c method=java.util.regex.Matcher.match(II)Z @ 86
Event: 1.724 Thread 0x000000001b61e800 Uncommon trap: reason=unstable_if action=reinterpret pc=0x00000000031b4d5c method=java.io.File.getName()Ljava/lang/String; @ 16
Event: 1.843 Thread 0x000000001b61e800 Uncommon trap: reason=unstable_if action=reinterpret pc=0x00000000032192b0 method=java.util.LinkedHashMap.afterNodeInsertion(Z)V @ 1
Event: 1.844 Thread 0x000000001b61e800 Uncommon trap: reason=unstable_if action=reinterpret pc=0x00000000030f2f40 method=java.util.HashMap.getNode(ILjava/lang/Object;)Ljava/util/HashMap$Node; @ 129
Event: 1.844 Thread 0x000000001b61e800 Uncommon trap: reason=bimorphic action=maybe_recompile pc=0x000000000337d3fc method=java.util.HashMap.putVal(ILjava/lang/Object;Ljava/lang/Object;ZZ)Ljava/lang/Object; @ 203
Event: 1.845 Thread 0x000000001b61e800 Uncommon trap: reason=unstable_if action=reinterpret pc=0x00000000030f2648 method=java.util.HashMap.getNode(ILjava/lang/Object;)Ljava/util/HashMap$Node; @ 129
Event: 1.845 Thread 0x000000001b61e800 Uncommon trap: reason=bimorphic action=maybe_recompile pc=0x000000000337d3fc method=java.util.HashMap.putVal(ILjava/lang/Object;Ljava/lang/Object;ZZ)Ljava/lang/Object; @ 203
Event: 1.944 Thread 0x000000001b61e800 Uncommon trap: reason=unstable_if action=reinterpret pc=0x00000000033eb64c method=java.util.jar.Attributes$Name.isDigit(C)Z @ 3

Classes redefined (0 events):
No events

Internal exceptions (10 events):
Event: 1.509 Thread 0x000000001d17e000 Exception <a 'java/lang/NoSuchMethodError': <clinit>> (0x00000000d55ce6e0) thrown at [C:\src\AOSP-openjdk-git\hotspot\src\share\vm\prims\jni.cpp, line 1615]
Event: 1.510 Thread 0x000000001d17e000 Exception <a 'java/lang/NoSuchMethodError': <clinit>> (0x00000000d55e51b0) thrown at [C:\src\AOSP-openjdk-git\hotspot\src\share\vm\prims\jni.cpp, line 1615]
Event: 1.517 Thread 0x000000001d17e000 Exception <a 'java/lang/NoSuchMethodError': <clinit>> (0x00000000d5684090) thrown at [C:\src\AOSP-openjdk-git\hotspot\src\share\vm\prims\jni.cpp, line 1615]
Event: 1.520 Thread 0x000000001d17e000 Exception <a 'java/lang/NoSuchMethodError': <clinit>> (0x00000000d56b37d0) thrown at [C:\src\AOSP-openjdk-git\hotspot\src\share\vm\prims\jni.cpp, line 1615]
Event: 1.522 Thread 0x000000001d17e000 Exception <a 'java/lang/NoSuchMethodError': <clinit>> (0x00000000d56e1d50) thrown at [C:\src\AOSP-openjdk-git\hotspot\src\share\vm\prims\jni.cpp, line 1615]
Event: 1.523 Thread 0x000000001d17e000 Exception <a 'java/lang/NoSuchMethodError': <clinit>> (0x00000000d56ee1c8) thrown at [C:\src\AOSP-openjdk-git\hotspot\src\share\vm\prims\jni.cpp, line 1615]
Event: 1.744 Thread 0x000000001b61e800 Exception <a 'java/lang/NoSuchMethodError': java.lang.Object.lambda$and$0(Ljava/util/function/Predicate;Ljava/lang/Object;)Z> (0x00000000d5b154e0) thrown at [C:\src\AOSP-openjdk-git\hotspot\src\share\vm\interpreter\linkResolver.cpp, line 620]
Event: 1.746 Thread 0x000000001b61e800 Exception <a 'java/lang/IncompatibleClassChangeError': Found class java.lang.Object, but interface was expected> (0x00000000d5b3c028) thrown at [C:\src\AOSP-openjdk-git\hotspot\src\share\vm\interpreter\linkResolver.cpp, line 653]
Event: 1.748 Thread 0x000000001b61e800 Exception <a 'java/lang/NoSuchMethodError': java.lang.Object.lambda$or$2(Ljava/util/function/Predicate;Ljava/lang/Object;)Z> (0x00000000d5b40b78) thrown at [C:\src\AOSP-openjdk-git\hotspot\src\share\vm\interpreter\linkResolver.cpp, line 620]
Event: 1.877 Thread 0x000000001b61e800 Exception <a 'java/lang/NoSuchMethodError': java.lang.Object.lambda$static$0(Lorg/gradle/internal/state/ModelObject;)Ljava/lang/String;> (0x00000000d73532f0) thrown at [C:\src\AOSP-openjdk-git\hotspot\src\share\vm\interpreter\linkResolver.cpp, line 620]

Events (10 events):
Event: 2.017 loading class org/gradle/api/plugins/PluginCollection
Event: 2.017 loading class org/gradle/api/plugins/PluginCollection done
Event: 2.018 loading class org/gradle/configuration/ConfigurationTargetIdentifier
Event: 2.018 loading class org/gradle/configuration/ConfigurationTargetIdentifier done
Event: 2.021 loading class javax/annotation/Nullable
Event: 2.021 loading class javax/annotation/Nullable done
Event: 2.022 loading class javax/annotation/Nonnull
Event: 2.022 loading class javax/annotation/Nonnull done
Event: 2.023 loading class org/gradle/api/Incubating
Event: 2.023 loading class org/gradle/api/Incubating done


Dynamic libraries:
0x00007ff673670000 - 0x00007ff6736a1000 	C:\Program Files\Android\Android Studio\jre\bin\java.exe
0x00007ffdb5890000 - 0x00007ffdb5a85000 	C:\Windows\SYSTEM32\ntdll.dll
0x00007ffdb4800000 - 0x00007ffdb48bd000 	C:\Windows\System32\KERNEL32.DLL
0x00007ffdb3070000 - 0x00007ffdb3339000 	C:\Windows\System32\KERNELBASE.dll
0x00007ffdb40f0000 - 0x00007ffdb419c000 	C:\Windows\System32\ADVAPI32.dll
0x00007ffdb49e0000 - 0x00007ffdb4a7e000 	C:\Windows\System32\msvcrt.dll
0x00007ffdb4f40000 - 0x00007ffdb4fdb000 	C:\Windows\System32\sechost.dll
0x00007ffdb4350000 - 0x00007ffdb447a000 	C:\Windows\System32\RPCRT4.dll
0x00007ffdb4a80000 - 0x00007ffdb4c20000 	C:\Windows\System32\USER32.dll
0x00007ffdb3550000 - 0x00007ffdb3572000 	C:\Windows\System32\win32u.dll
0x00007ffdb46d0000 - 0x00007ffdb46fa000 	C:\Windows\System32\GDI32.dll
0x00007ffdb3580000 - 0x00007ffdb368b000 	C:\Windows\System32\gdi32full.dll
0x00007ffdb2fd0000 - 0x00007ffdb306d000 	C:\Windows\System32\msvcp_win.dll
0x00007ffdb3450000 - 0x00007ffdb3550000 	C:\Windows\System32\ucrtbase.dll
0x00007ffd9f0c0000 - 0x00007ffd9f35a000 	C:\Windows\WinSxS\amd64_microsoft.windows.common-controls_6595b64144ccf1df_6.0.19041.1083_none_60bbe31371f34e71\COMCTL32.dll
0x00007ffdb47b0000 - 0x00007ffdb47e0000 	C:\Windows\System32\IMM32.DLL
0x00000000682c0000 - 0x0000000068392000 	C:\Program Files\Android\Android Studio\jre\jre\bin\msvcr100.dll
0x00000000683a0000 - 0x0000000068beb000 	C:\Program Files\Android\Android Studio\jre\jre\bin\server\jvm.dll
0x00007ffdb47f0000 - 0x00007ffdb47f8000 	C:\Windows\System32\PSAPI.DLL
0x00007ffdae640000 - 0x00007ffdae649000 	C:\Windows\SYSTEM32\WSOCK32.dll
0x00007ffdab3a0000 - 0x00007ffdab3aa000 	C:\Windows\SYSTEM32\VERSION.dll
0x00007ffd91da0000 - 0x00007ffd91dc7000 	C:\Windows\SYSTEM32\WINMM.dll
0x00007ffdb4600000 - 0x00007ffdb466b000 	C:\Windows\System32\WS2_32.dll
0x00007ffdae630000 - 0x00007ffdae63f000 	C:\Program Files\Android\Android Studio\jre\jre\bin\verify.dll
0x00007ffdae600000 - 0x00007ffdae629000 	C:\Program Files\Android\Android Studio\jre\jre\bin\java.dll
0x00007ffd85a70000 - 0x00007ffd85a86000 	C:\Program Files\Android\Android Studio\jre\jre\bin\zip.dll
0x00007ffdb5110000 - 0x00007ffdb584f000 	C:\Windows\System32\SHELL32.dll
0x00007ffdb0d50000 - 0x00007ffdb14e1000 	C:\Windows\SYSTEM32\windows.storage.dll
0x00007ffdb3d90000 - 0x00007ffdb40e5000 	C:\Windows\System32\combase.dll
0x00007ffdb2a40000 - 0x00007ffdb2a6c000 	C:\Windows\SYSTEM32\Wldp.dll
0x00007ffdb4550000 - 0x00007ffdb45fe000 	C:\Windows\System32\SHCORE.dll
0x00007ffdb4920000 - 0x00007ffdb4975000 	C:\Windows\System32\shlwapi.dll
0x00007ffdb2f10000 - 0x00007ffdb2f2f000 	C:\Windows\SYSTEM32\profapi.dll
0x00007ffd85100000 - 0x00007ffd8511a000 	C:\Program Files\Android\Android Studio\jre\jre\bin\net.dll
0x00007ffdb27a0000 - 0x00007ffdb280a000 	C:\Windows\system32\mswsock.dll
0x00007ffd7da70000 - 0x00007ffd7da83000 	C:\Program Files\Android\Android Studio\jre\jre\bin\nio.dll
0x00007ffdae560000 - 0x00007ffdae587000 	C:\Users\bilbi\.gradle\native\f6784746aeab05261644944871eae4fe03e0ef1612fff0a4a95f87b438bc6780\windows-amd64\native-platform.dll
0x00007ffdae5f0000 - 0x00007ffdae5fd000 	C:\Program Files\Android\Android Studio\jre\jre\bin\management.dll
0x00007ffdb2980000 - 0x00007ffdb2998000 	C:\Windows\SYSTEM32\CRYPTSP.dll
0x00007ffdb20d0000 - 0x00007ffdb2104000 	C:\Windows\system32\rsaenh.dll
0x00007ffdb3690000 - 0x00007ffdb36b7000 	C:\Windows\System32\bcrypt.dll
0x00007ffdb2ed0000 - 0x00007ffdb2efe000 	C:\Windows\SYSTEM32\USERENV.dll
0x00007ffdb3870000 - 0x00007ffdb38f3000 	C:\Windows\System32\bcryptprimitives.dll
0x00007ffdb29a0000 - 0x00007ffdb29ac000 	C:\Windows\SYSTEM32\CRYPTBASE.dll
0x00007ffdb2440000 - 0x00007ffdb247b000 	C:\Windows\SYSTEM32\IPHLPAPI.DLL
0x00007ffdb4c20000 - 0x00007ffdb4c28000 	C:\Windows\System32\NSI.dll
0x00007ffdab130000 - 0x00007ffdab147000 	C:\Windows\SYSTEM32\dhcpcsvc6.DLL
0x00007ffdab110000 - 0x00007ffdab12d000 	C:\Windows\SYSTEM32\dhcpcsvc.DLL
0x00007ffdb2480000 - 0x00007ffdb254c000 	C:\Windows\SYSTEM32\DNSAPI.dll
0x00007ffdab4d0000 - 0x00007ffdab4db000 	C:\Windows\SYSTEM32\WINNSI.DLL

VM Arguments:
jvm_args: -Xmx2048m -Dfile.encoding=UTF-8 -Duser.country=ID -Duser.language=en -Duser.variant 
java_command: org.gradle.launcher.daemon.bootstrap.GradleDaemon 6.5
java_class_path (initial): C:\Users\bilbi\.gradle\wrapper\dists\gradle-6.5-all\2oz4ud9k3tuxjg84bbf55q0tn\gradle-6.5\lib\gradle-launcher-6.5.jar
Launcher Type: SUN_STANDARD

Environment Variables:
PATH=C:\Windows\system32;C:\Windows;C:\Windows\System32\Wbem;C:\Windows\System32\WindowsPowerShell\v1.0\;C:\Windows\System32\OpenSSH\;C:\Program Files\Azure Data Studio\bin;G:\GIT\Git\cmd;C:\Program Files (x86)\NVIDIA Corporation\PhysX\Common;C:\Program Files\NVIDIA Corporation\NVIDIA NvDLISR;C:\Program Files (x86)\sqlite3;C:\Program Files (x86)\PuTTY\;C:\Users\bilbi\AppData\Local\Microsoft\WindowsApps;C:\Users\bilbi\AppData\Local\GitHubDesktop\bin;C:\adb;C:\Program Files\dotnet\;C:\Program Files (x86)\dotnet\;C:\Program Files\Microsoft SQL Server\Client SDK\ODBC\170\Tools\Binn\;C:\Program Files (x86)\Microsoft SQL Server\150\Tools\Binn\;C:\Program Files\Microsoft SQL Server\150\Tools\Binn\;C:\Program Files\Microsoft SQL Server\150\DTS\Binn\;C:\Program Files (x86)\Microsoft SQL Server\150\DTS\Binn\;C:\Program Files\Microsoft SQL Server\130\Tools\Binn\;C:\Users\bilbi\AppData\Local\Microsoft\WindowsApps;C:\Program Files\Azure Data Studio\bin;C:\Users\bilbi\AppData\Local\GitHubDesktop\bin;C:\Users\bilbi\.dotnet\tools
USERNAME=bill
OS=Windows_NT
PROCESSOR_IDENTIFIER=Intel64 Family 6 Model 158 Stepping 10, GenuineIntel



---------------  S Y S T E M  ---------------

OS: Windows 10.0 , 64 bit Build 19041 (10.0.19041.1023)

CPU:total 12 (initial active 12) (6 cores per cpu, 2 threads per core) family 6 model 158 stepping 10, cmov, cx8, fxsr, mmx, sse, sse2, sse3, ssse3, sse4.1, sse4.2, popcnt, avx, avx2, aes, clmul, erms, 3dnowpref, lzcnt, ht, tsc, tscinvbit, bmi1, bmi2, adx

Memory: 4k page, physical 8235768k(457320k free), swap 16624376k(5812k free)

vm_info: OpenJDK 64-Bit Server VM (25.242-b01) for windows-amd64 JRE (1.8.0_242-release-1644-b01), built by "builder" with MS VC++ 10.0 (VS2010)

time: Fri Jul 09 22:56:09 2021
timezone: SE Asia Standard Time
elapsed time: 2 seconds (0d 0h 0m 2s)

