#
# There is insufficient memory for the Java Runtime Environment to continue.
# Native memory allocation (malloc) failed to allocate 32744 bytes for ChunkPool::allocate
# Possible reasons:
#   The system is out of physical RAM or swap space
#   The process is running with CompressedOops enabled, and the Java Heap may be blocking the growth of the native heap
# Possible solutions:
#   Reduce memory load on the system
#   Increase physical memory or swap space
#   Check if swap backing store is full
#   Decrease Java heap size (-Xmx/-Xms)
#   Decrease number of Java threads
#   Decrease Java thread stack sizes (-Xss)
#   Set larger code cache with -XX:ReservedCodeCacheSize=
#   JVM is running with Unscaled Compressed Oops mode in which the Java heap is
#     placed in the first 4GB address space. The Java Heap base address is the
#     maximum limit for the native heap growth. Please use -XX:HeapBaseMinAddress
#     to set the Java Heap base and to place the Java Heap above 4GB virtual address.
# This output file may be truncated or incomplete.
#
#  Out of Memory Error (allocation.cpp:272), pid=14368, tid=0x00000000000036f8
#
# JRE version: OpenJDK Runtime Environment (8.0_242-b01) (build 1.8.0_242-release-1644-b01)
# Java VM: OpenJDK 64-Bit Server VM (25.242-b01 mixed mode windows-amd64 compressed oops)
# Failed to write core dump. Minidumps are not enabled by default on client versions of Windows
#

---------------  T H R E A D  ---------------

Current thread (0x00000000191d4800):  JavaThread "C2 CompilerThread0" daemon [_thread_in_native, id=14072, stack(0x000000001a830000,0x000000001a930000)]

Stack: [0x000000001a830000,0x000000001a930000]
[error occurred during error reporting (printing stack bounds), id 0xc0000005]

Native frames: (J=compiled Java code, j=interpreted, Vv=VM code, C=native code)


Current CompileTask:
C2:   2167 1490       4       java.net.URLClassLoader$1::run (5 bytes)


---------------  P R O C E S S  ---------------

Java Threads: ( => current thread )
  0x000000001cc36000 JavaThread "Cache worker for file hash cache (C:\Users\bilbi\.gradle\caches\6.5\fileHashes)" [_thread_blocked, id=12760, stack(0x000000001ef50000,0x000000001f050000)]
  0x000000001cc37000 JavaThread "File lock request listener" [_thread_in_native, id=12216, stack(0x000000001ee50000,0x000000001ef50000)]
  0x000000001bd86800 JavaThread "Cache worker for journal cache (C:\Users\bilbi\.gradle\caches\journal-1)" [_thread_blocked, id=7128, stack(0x000000001ed50000,0x000000001ee50000)]
  0x000000001b221800 JavaThread "Thread-9" [_thread_blocked, id=14032, stack(0x000000001ea50000,0x000000001eb50000)]
  0x000000001b21e000 JavaThread "Stdin handler" [_thread_blocked, id=14744, stack(0x000000001e950000,0x000000001ea50000)]
  0x000000001b21d000 JavaThread "Asynchronous log dispatcher for DefaultDaemonConnection: socket connection from /127.0.0.1:50939 to /127.0.0.1:50940" [_thread_blocked, id=12668, stack(0x000000001e850000,0x000000001e950000)]
  0x000000001b1cf800 JavaThread "Daemon worker" [_thread_in_native, id=5604, stack(0x000000001e750000,0x000000001e850000)]
  0x000000001b1ce000 JavaThread "Cancel handler" [_thread_blocked, id=13540, stack(0x000000001e650000,0x000000001e750000)]
  0x000000001cabb800 JavaThread "Handler for socket connection from /127.0.0.1:50939 to /127.0.0.1:50940" [_thread_in_native, id=10752, stack(0x000000001e350000,0x000000001e450000)]
  0x000000001ca9e800 JavaThread "Daemon" [_thread_blocked, id=2504, stack(0x000000001e150000,0x000000001e250000)]
  0x000000001cab3800 JavaThread "Daemon periodic checks" [_thread_blocked, id=13436, stack(0x000000001e050000,0x000000001e150000)]
  0x000000001ca89800 JavaThread "Incoming local TCP Connector on port 50939" [_thread_in_native, id=2216, stack(0x000000001de10000,0x000000001df10000)]
  0x000000001c7c8800 JavaThread "Daemon health stats" [_thread_blocked, id=1268, stack(0x000000001d7d0000,0x000000001d8d0000)]
  0x000000001926e000 JavaThread "Service Thread" daemon [_thread_blocked, id=15216, stack(0x000000001ac30000,0x000000001ad30000)]
  0x00000000191e2800 JavaThread "C1 CompilerThread3" daemon [_thread_blocked, id=2924, stack(0x000000001ab30000,0x000000001ac30000)]
  0x00000000191e2000 JavaThread "C2 CompilerThread2" daemon [_thread_in_native, id=7292, stack(0x000000001aa30000,0x000000001ab30000)]
  0x00000000191dc800 JavaThread "C2 CompilerThread1" daemon [_thread_blocked, id=5424, stack(0x000000001a930000,0x000000001aa30000)]
=>0x00000000191d4800 JavaThread "C2 CompilerThread0" daemon [_thread_in_native, id=14072, stack(0x000000001a830000,0x000000001a930000)]
  0x00000000191d2000 JavaThread "Attach Listener" daemon [_thread_blocked, id=12740, stack(0x000000001a730000,0x000000001a830000)]
  0x00000000191d1000 JavaThread "Signal Dispatcher" daemon [_thread_blocked, id=13096, stack(0x000000001a630000,0x000000001a730000)]
  0x000000000287b000 JavaThread "Finalizer" daemon [_thread_blocked, id=4656, stack(0x000000001a430000,0x000000001a530000)]
  0x00000000191c3000 JavaThread "Reference Handler" daemon [_thread_blocked, id=13876, stack(0x000000001a330000,0x000000001a430000)]
  0x0000000002782800 JavaThread "main" [_thread_blocked, id=6152, stack(0x00000000025e0000,0x00000000026e0000)]

Other Threads:
  0x0000000017ae6000 VMThread [stack: 0x000000001a230000,0x000000001a330000] [id=8864]
  0x000000001926f800 WatcherThread [stack: 0x000000001ad30000,0x000000001ae30000] [id=10040]

VM state:not at safepoint (normal execution)

VM Mutex/Monitor currently owned by a thread: None

heap address: 0x0000000080000000, size: 2048 MB, Compressed Oops mode: 32-bit
Narrow klass base: 0x0000000000000000, Narrow klass shift: 3
Compressed class space size: 1073741824 Address: 0x0000000100000000

Heap:
 PSYoungGen      total 37888K, used 27506K [0x00000000d5580000, 0x00000000d9f80000, 0x0000000100000000)
  eden space 32768K, 68% used [0x00000000d5580000,0x00000000d6b60aa8,0x00000000d7580000)
  from space 5120K, 99% used [0x00000000d7a80000,0x00000000d7f7c010,0x00000000d7f80000)
  to   space 5120K, 0% used [0x00000000d7580000,0x00000000d7580000,0x00000000d7a80000)
 ParOldGen       total 86016K, used 3249K [0x0000000080000000, 0x0000000085400000, 0x00000000d5580000)
  object space 86016K, 3% used [0x0000000080000000,0x000000008032c4d8,0x0000000085400000)
 Metaspace       used 16813K, capacity 17438K, committed 17664K, reserved 1064960K
  class space    used 2261K, capacity 2475K, committed 2560K, reserved 1048576K

Card table byte_map: [0x0000000011c40000,0x0000000012050000] byte_map_base: 0x0000000011840000

Marking Bits: (ParMarkBitMap*) 0x0000000068b6f030
 Begin Bits: [0x0000000012d00000, 0x0000000014d00000)
 End Bits:   [0x0000000014d00000, 0x0000000016d00000)

Polling page: 0x0000000000dc0000

CodeCache: size=245760Kb used=5491Kb max_used=5491Kb free=240268Kb
 bounds [0x0000000002880000, 0x0000000002de0000, 0x0000000011880000]
 total_blobs=1938 nmethods=1538 adapters=313
 compilation: enabled

Compilation events (10 events):
Event: 2.159 Thread 0x00000000191e2800 1539       3       org.gradle.internal.service.DefaultServiceRegistry$FactoryMethodService::<init> (22 bytes)
Event: 2.160 Thread 0x00000000191e2800 nmethod 1539 0x0000000002dd8050 code [0x0000000002dd8220, 0x0000000002dd8a48]
Event: 2.160 Thread 0x00000000191e2800 1538       3       java.util.ArrayList::toArray (60 bytes)
Event: 2.160 Thread 0x00000000191e2800 nmethod 1538 0x0000000002dd90d0 code [0x0000000002dd9260, 0x0000000002dd9818]
Event: 2.161 Thread 0x00000000191e2800 1540       3       java.lang.Enum::<init> (15 bytes)
Event: 2.161 Thread 0x00000000191e2800 nmethod 1540 0x0000000002dd9950 code [0x0000000002dd9aa0, 0x0000000002dd9c70]
Event: 2.161 Thread 0x00000000191e2800 1542       3       sun.reflect.generics.parser.SignatureParser::parsePackageNameAndSimpleClassTypeSignature (139 bytes)
Event: 2.163 Thread 0x00000000191e2800 nmethod 1542 0x0000000002dd9d10 code [0x0000000002dda060, 0x0000000002ddba28]
Event: 2.163 Thread 0x00000000191e2800 1541       3       sun.reflect.generics.parser.SignatureParser::parseClassTypeSignature (118 bytes)
Event: 2.165 Thread 0x00000000191e2800 nmethod 1541 0x0000000002ddc850 code [0x0000000002ddcc00, 0x0000000002dde6c8]

GC Heap History (8 events):
Event: 0.582 GC heap before
{Heap before GC invocations=1 (full 0):
 PSYoungGen      total 37888K, used 32768K [0x00000000d5580000, 0x00000000d7f80000, 0x0000000100000000)
  eden space 32768K, 100% used [0x00000000d5580000,0x00000000d7580000,0x00000000d7580000)
  from space 5120K, 0% used [0x00000000d7a80000,0x00000000d7a80000,0x00000000d7f80000)
  to   space 5120K, 0% used [0x00000000d7580000,0x00000000d7580000,0x00000000d7a80000)
 ParOldGen       total 86016K, used 0K [0x0000000080000000, 0x0000000085400000, 0x00000000d5580000)
  object space 86016K, 0% used [0x0000000080000000,0x0000000080000000,0x0000000085400000)
 Metaspace       used 7524K, capacity 7774K, committed 8064K, reserved 1056768K
  class space    used 929K, capacity 1037K, committed 1152K, reserved 1048576K
Event: 0.588 GC heap after
Heap after GC invocations=1 (full 0):
 PSYoungGen      total 37888K, used 4606K [0x00000000d5580000, 0x00000000d7f80000, 0x0000000100000000)
  eden space 32768K, 0% used [0x00000000d5580000,0x00000000d5580000,0x00000000d7580000)
  from space 5120K, 89% used [0x00000000d7580000,0x00000000d79ffb50,0x00000000d7a80000)
  to   space 5120K, 0% used [0x00000000d7a80000,0x00000000d7a80000,0x00000000d7f80000)
 ParOldGen       total 86016K, used 16K [0x0000000080000000, 0x0000000085400000, 0x00000000d5580000)
  object space 86016K, 0% used [0x0000000080000000,0x0000000080004000,0x0000000085400000)
 Metaspace       used 7524K, capacity 7774K, committed 8064K, reserved 1056768K
  class space    used 929K, capacity 1037K, committed 1152K, reserved 1048576K
}
Event: 0.871 GC heap before
{Heap before GC invocations=2 (full 0):
 PSYoungGen      total 37888K, used 37374K [0x00000000d5580000, 0x00000000d7f80000, 0x0000000100000000)
  eden space 32768K, 100% used [0x00000000d5580000,0x00000000d7580000,0x00000000d7580000)
  from space 5120K, 89% used [0x00000000d7580000,0x00000000d79ffb50,0x00000000d7a80000)
  to   space 5120K, 0% used [0x00000000d7a80000,0x00000000d7a80000,0x00000000d7f80000)
 ParOldGen       total 86016K, used 16K [0x0000000080000000, 0x0000000085400000, 0x00000000d5580000)
  object space 86016K, 0% used [0x0000000080000000,0x0000000080004000,0x0000000085400000)
 Metaspace       used 7752K, capacity 7984K, committed 8320K, reserved 1056768K
  class space    used 950K, capacity 1043K, committed 1152K, reserved 1048576K
Event: 0.876 GC heap after
Heap after GC invocations=2 (full 0):
 PSYoungGen      total 37888K, used 3441K [0x00000000d5580000, 0x00000000d9f80000, 0x0000000100000000)
  eden space 32768K, 0% used [0x00000000d5580000,0x00000000d5580000,0x00000000d7580000)
  from space 5120K, 67% used [0x00000000d7a80000,0x00000000d7ddc5d8,0x00000000d7f80000)
  to   space 5120K, 0% used [0x00000000d7580000,0x00000000d7580000,0x00000000d7a80000)
 ParOldGen       total 86016K, used 24K [0x0000000080000000, 0x0000000085400000, 0x00000000d5580000)
  object space 86016K, 0% used [0x0000000080000000,0x0000000080006000,0x0000000085400000)
 Metaspace       used 7752K, capacity 7984K, committed 8320K, reserved 1056768K
  class space    used 950K, capacity 1043K, committed 1152K, reserved 1048576K
}
Event: 1.732 GC heap before
{Heap before GC invocations=3 (full 0):
 PSYoungGen      total 37888K, used 36209K [0x00000000d5580000, 0x00000000d9f80000, 0x0000000100000000)
  eden space 32768K, 100% used [0x00000000d5580000,0x00000000d7580000,0x00000000d7580000)
  from space 5120K, 67% used [0x00000000d7a80000,0x00000000d7ddc5d8,0x00000000d7f80000)
  to   space 5120K, 0% used [0x00000000d7580000,0x00000000d7580000,0x00000000d7a80000)
 ParOldGen       total 86016K, used 24K [0x0000000080000000, 0x0000000085400000, 0x00000000d5580000)
  object space 86016K, 0% used [0x0000000080000000,0x0000000080006000,0x0000000085400000)
 Metaspace       used 11820K, capacity 12098K, committed 12416K, reserved 1060864K
  class space    used 1565K, capacity 1647K, committed 1664K, reserved 1048576K
Event: 1.737 GC heap after
Heap after GC invocations=3 (full 0):
 PSYoungGen      total 37888K, used 5120K [0x00000000d5580000, 0x00000000d7f80000, 0x0000000100000000)
  eden space 32768K, 0% used [0x00000000d5580000,0x00000000d5580000,0x00000000d7580000)
  from space 5120K, 100% used [0x00000000d7580000,0x00000000d7a80000,0x00000000d7a80000)
  to   space 5120K, 0% used [0x00000000d7a80000,0x00000000d7a80000,0x00000000d7f80000)
 ParOldGen       total 86016K, used 909K [0x0000000080000000, 0x0000000085400000, 0x00000000d5580000)
  object space 86016K, 1% used [0x0000000080000000,0x00000000800e3530,0x0000000085400000)
 Metaspace       used 11820K, capacity 12098K, committed 12416K, reserved 1060864K
  class space    used 1565K, capacity 1647K, committed 1664K, reserved 1048576K
}
Event: 2.000 GC heap before
{Heap before GC invocations=4 (full 0):
 PSYoungGen      total 37888K, used 37888K [0x00000000d5580000, 0x00000000d7f80000, 0x0000000100000000)
  eden space 32768K, 100% used [0x00000000d5580000,0x00000000d7580000,0x00000000d7580000)
  from space 5120K, 100% used [0x00000000d7580000,0x00000000d7a80000,0x00000000d7a80000)
  to   space 5120K, 0% used [0x00000000d7a80000,0x00000000d7a80000,0x00000000d7f80000)
 ParOldGen       total 86016K, used 909K [0x0000000080000000, 0x0000000085400000, 0x00000000d5580000)
  object space 86016K, 1% used [0x0000000080000000,0x00000000800e3530,0x0000000085400000)
 Metaspace       used 14560K, capacity 15038K, committed 15232K, reserved 1062912K
  class space    used 1999K, capacity 2165K, committed 2176K, reserved 1048576K
Event: 2.005 GC heap after
Heap after GC invocations=4 (full 0):
 PSYoungGen      total 37888K, used 5104K [0x00000000d5580000, 0x00000000d9f80000, 0x0000000100000000)
  eden space 32768K, 0% used [0x00000000d5580000,0x00000000d5580000,0x00000000d7580000)
  from space 5120K, 99% used [0x00000000d7a80000,0x00000000d7f7c010,0x00000000d7f80000)
  to   space 5120K, 0% used [0x00000000d7580000,0x00000000d7580000,0x00000000d7a80000)
 ParOldGen       total 86016K, used 3249K [0x0000000080000000, 0x0000000085400000, 0x00000000d5580000)
  object space 86016K, 3% used [0x0000000080000000,0x000000008032c4d8,0x0000000085400000)
 Metaspace       used 14560K, capacity 15038K, committed 15232K, reserved 1062912K
  class space    used 1999K, capacity 2165K, committed 2176K, reserved 1048576K
}

Deoptimization events (10 events):
Event: 1.748 Thread 0x000000001cabb800 Uncommon trap: reason=unstable_if action=reinterpret pc=0x0000000002b919d4 method=java.lang.String.substring(I)Ljava/lang/String; @ 35
Event: 1.772 Thread 0x000000001b1cf800 Uncommon trap: reason=bimorphic action=maybe_recompile pc=0x0000000002af95d4 method=java.util.HashMap.putVal(ILjava/lang/Object;Ljava/lang/Object;ZZ)Ljava/lang/Object; @ 253
Event: 1.772 Thread 0x000000001b1cf800 Uncommon trap: reason=bimorphic action=maybe_recompile pc=0x0000000002af95d4 method=java.util.HashMap.putVal(ILjava/lang/Object;Ljava/lang/Object;ZZ)Ljava/lang/Object; @ 253
Event: 1.772 Thread 0x000000001b1cf800 Uncommon trap: reason=bimorphic action=maybe_recompile pc=0x0000000002af95d4 method=java.util.HashMap.putVal(ILjava/lang/Object;Ljava/lang/Object;ZZ)Ljava/lang/Object; @ 253
Event: 1.772 Thread 0x000000001b1cf800 Uncommon trap: reason=bimorphic action=maybe_recompile pc=0x0000000002af95d4 method=java.util.HashMap.putVal(ILjava/lang/Object;Ljava/lang/Object;ZZ)Ljava/lang/Object; @ 253
Event: 1.956 Thread 0x000000001b1cf800 Uncommon trap: reason=class_check action=maybe_recompile pc=0x0000000002b96a58 method=java.util.regex.Matcher.match(II)Z @ 86
Event: 1.956 Thread 0x000000001b1cf800 Uncommon trap: reason=class_check action=maybe_recompile pc=0x0000000002b96a58 method=java.util.regex.Matcher.match(II)Z @ 86
Event: 1.956 Thread 0x000000001b1cf800 Uncommon trap: reason=class_check action=maybe_recompile pc=0x0000000002b96a58 method=java.util.regex.Matcher.match(II)Z @ 86
Event: 1.956 Thread 0x000000001b1cf800 Uncommon trap: reason=class_check action=maybe_recompile pc=0x0000000002a3280c method=java.util.regex.Matcher.match(II)Z @ 86
Event: 2.042 Thread 0x000000001b1cf800 Uncommon trap: reason=unstable_if action=reinterpret pc=0x0000000002b9ab1c method=java.io.File.getName()Ljava/lang/String; @ 16

Classes redefined (0 events):
No events

Internal exceptions (10 events):
Event: 1.744 Thread 0x000000001cabb800 Exception <a 'java/lang/NoSuchMethodError': <clinit>> (0x00000000d560a4d8) thrown at [C:\src\AOSP-openjdk-git\hotspot\src\share\vm\prims\jni.cpp, line 1615]
Event: 1.745 Thread 0x000000001cabb800 Exception <a 'java/lang/NoSuchMethodError': <clinit>> (0x00000000d5613078) thrown at [C:\src\AOSP-openjdk-git\hotspot\src\share\vm\prims\jni.cpp, line 1615]
Event: 1.746 Thread 0x000000001cabb800 Exception <a 'java/lang/NoSuchMethodError': <clinit>> (0x00000000d5629890) thrown at [C:\src\AOSP-openjdk-git\hotspot\src\share\vm\prims\jni.cpp, line 1615]
Event: 1.752 Thread 0x000000001cabb800 Exception <a 'java/lang/NoSuchMethodError': <clinit>> (0x00000000d56a5db0) thrown at [C:\src\AOSP-openjdk-git\hotspot\src\share\vm\prims\jni.cpp, line 1615]
Event: 1.755 Thread 0x000000001cabb800 Exception <a 'java/lang/NoSuchMethodError': <clinit>> (0x00000000d56d54f0) thrown at [C:\src\AOSP-openjdk-git\hotspot\src\share\vm\prims\jni.cpp, line 1615]
Event: 1.758 Thread 0x000000001cabb800 Exception <a 'java/lang/NoSuchMethodError': <clinit>> (0x00000000d5703a70) thrown at [C:\src\AOSP-openjdk-git\hotspot\src\share\vm\prims\jni.cpp, line 1615]
Event: 1.759 Thread 0x000000001cabb800 Exception <a 'java/lang/NoSuchMethodError': <clinit>> (0x00000000d570fee8) thrown at [C:\src\AOSP-openjdk-git\hotspot\src\share\vm\prims\jni.cpp, line 1615]
Event: 2.074 Thread 0x000000001b1cf800 Exception <a 'java/lang/NoSuchMethodError': java.lang.Object.lambda$and$0(Ljava/util/function/Predicate;Ljava/lang/Object;)Z> (0x00000000d5b620c8) thrown at [C:\src\AOSP-openjdk-git\hotspot\src\share\vm\interpreter\linkResolver.cpp, line 620]
Event: 2.079 Thread 0x000000001b1cf800 Exception <a 'java/lang/IncompatibleClassChangeError': Found class java.lang.Object, but interface was expected> (0x00000000d5b723f0) thrown at [C:\src\AOSP-openjdk-git\hotspot\src\share\vm\interpreter\linkResolver.cpp, line 653]
Event: 2.081 Thread 0x000000001b1cf800 Exception <a 'java/lang/NoSuchMethodError': java.lang.Object.lambda$or$2(Ljava/util/function/Predicate;Ljava/lang/Object;)Z> (0x00000000d5b76f40) thrown at [C:\src\AOSP-openjdk-git\hotspot\src\share\vm\interpreter\linkResolver.cpp, line 620]

Events (10 events):
Event: 2.164 loading class org/gradle/jvm/internal/services/PlatformJvmServices$LocalLibraryDependencyResolverFactory
Event: 2.164 loading class org/gradle/jvm/internal/services/PlatformJvmServices$LocalLibraryDependencyResolverFactory done
Event: 2.164 loading class org/gradle/api/internal/artifacts/ivyservice/projectmodule/DefaultProjectDependencyPublicationResolver
Event: 2.164 loading class org/gradle/api/internal/artifacts/ivyservice/projectmodule/DefaultProjectDependencyPublicationResolver done
Event: 2.165 loading class org/gradle/api/internal/artifacts/ivyservice/projectmodule/ProjectDependencyPublicationResolver
Event: 2.165 loading class org/gradle/api/internal/artifacts/ivyservice/projectmodule/ProjectDependencyPublicationResolver done
Event: 2.166 loading class org/gradle/api/publish/internal/validation/DuplicatePublicationTracker
Event: 2.166 loading class org/gradle/api/publish/internal/validation/DuplicatePublicationTracker done
Event: 2.166 loading class org/gradle/api/publish/maven/internal/MavenPublishServices$ComponentRegistrationAction
Event: 2.166 loading class org/gradle/api/publish/maven/internal/MavenPublishServices$ComponentRegistrationAction done


Dynamic libraries:
0x00007ff673670000 - 0x00007ff6736a1000 	C:\Program Files\Android\Android Studio\jre\bin\java.exe
0x00007ffdb5890000 - 0x00007ffdb5a85000 	C:\Windows\SYSTEM32\ntdll.dll
0x00007ffdb4800000 - 0x00007ffdb48bd000 	C:\Windows\System32\KERNEL32.DLL
0x00007ffdb3070000 - 0x00007ffdb3339000 	C:\Windows\System32\KERNELBASE.dll
0x00007ffdb40f0000 - 0x00007ffdb419c000 	C:\Windows\System32\ADVAPI32.dll
0x00007ffdb49e0000 - 0x00007ffdb4a7e000 	C:\Windows\System32\msvcrt.dll
0x00007ffdb4f40000 - 0x00007ffdb4fdb000 	C:\Windows\System32\sechost.dll
0x00007ffdb4350000 - 0x00007ffdb447a000 	C:\Windows\System32\RPCRT4.dll
0x00007ffdb4a80000 - 0x00007ffdb4c20000 	C:\Windows\System32\USER32.dll
0x00007ffdb3550000 - 0x00007ffdb3572000 	C:\Windows\System32\win32u.dll
0x00007ffdb46d0000 - 0x00007ffdb46fa000 	C:\Windows\System32\GDI32.dll
0x00007ffdb3580000 - 0x00007ffdb368b000 	C:\Windows\System32\gdi32full.dll
0x00007ffdb2fd0000 - 0x00007ffdb306d000 	C:\Windows\System32\msvcp_win.dll
0x00007ffdb3450000 - 0x00007ffdb3550000 	C:\Windows\System32\ucrtbase.dll
0x00007ffd9f0c0000 - 0x00007ffd9f35a000 	C:\Windows\WinSxS\amd64_microsoft.windows.common-controls_6595b64144ccf1df_6.0.19041.1083_none_60bbe31371f34e71\COMCTL32.dll
0x00007ffdb47b0000 - 0x00007ffdb47e0000 	C:\Windows\System32\IMM32.DLL
0x00000000682c0000 - 0x0000000068392000 	C:\Program Files\Android\Android Studio\jre\jre\bin\msvcr100.dll
0x00000000683a0000 - 0x0000000068beb000 	C:\Program Files\Android\Android Studio\jre\jre\bin\server\jvm.dll
0x00007ffdb47f0000 - 0x00007ffdb47f8000 	C:\Windows\System32\PSAPI.DLL
0x00007ffdae640000 - 0x00007ffdae649000 	C:\Windows\SYSTEM32\WSOCK32.dll
0x00007ffd91da0000 - 0x00007ffd91dc7000 	C:\Windows\SYSTEM32\WINMM.dll
0x00007ffdb4600000 - 0x00007ffdb466b000 	C:\Windows\System32\WS2_32.dll
0x00007ffdab3a0000 - 0x00007ffdab3aa000 	C:\Windows\SYSTEM32\VERSION.dll
0x00007ffdae630000 - 0x00007ffdae63f000 	C:\Program Files\Android\Android Studio\jre\jre\bin\verify.dll
0x00007ffdae600000 - 0x00007ffdae629000 	C:\Program Files\Android\Android Studio\jre\jre\bin\java.dll
0x00007ffd85a70000 - 0x00007ffd85a86000 	C:\Program Files\Android\Android Studio\jre\jre\bin\zip.dll
0x00007ffdb5110000 - 0x00007ffdb584f000 	C:\Windows\System32\SHELL32.dll
0x00007ffdb0d50000 - 0x00007ffdb14e1000 	C:\Windows\SYSTEM32\windows.storage.dll
0x00007ffdb3d90000 - 0x00007ffdb40e5000 	C:\Windows\System32\combase.dll
0x00007ffdb2a40000 - 0x00007ffdb2a6c000 	C:\Windows\SYSTEM32\Wldp.dll
0x00007ffdb4550000 - 0x00007ffdb45fe000 	C:\Windows\System32\SHCORE.dll
0x00007ffdb4920000 - 0x00007ffdb4975000 	C:\Windows\System32\shlwapi.dll
0x00007ffdb2f10000 - 0x00007ffdb2f2f000 	C:\Windows\SYSTEM32\profapi.dll
0x00007ffd85100000 - 0x00007ffd8511a000 	C:\Program Files\Android\Android Studio\jre\jre\bin\net.dll
0x00007ffdb27a0000 - 0x00007ffdb280a000 	C:\Windows\system32\mswsock.dll
0x00007ffd7da70000 - 0x00007ffd7da83000 	C:\Program Files\Android\Android Studio\jre\jre\bin\nio.dll
0x00007ffdae560000 - 0x00007ffdae587000 	C:\Users\bilbi\.gradle\native\f6784746aeab05261644944871eae4fe03e0ef1612fff0a4a95f87b438bc6780\windows-amd64\native-platform.dll
0x00007ffdae5f0000 - 0x00007ffdae5fd000 	C:\Program Files\Android\Android Studio\jre\jre\bin\management.dll
0x00007ffdb2980000 - 0x00007ffdb2998000 	C:\Windows\SYSTEM32\CRYPTSP.dll
0x00007ffdb20d0000 - 0x00007ffdb2104000 	C:\Windows\system32\rsaenh.dll
0x00007ffdb3690000 - 0x00007ffdb36b7000 	C:\Windows\System32\bcrypt.dll
0x00007ffdb2ed0000 - 0x00007ffdb2efe000 	C:\Windows\SYSTEM32\USERENV.dll
0x00007ffdb3870000 - 0x00007ffdb38f3000 	C:\Windows\System32\bcryptprimitives.dll
0x00007ffdb29a0000 - 0x00007ffdb29ac000 	C:\Windows\SYSTEM32\CRYPTBASE.dll
0x00007ffdb2440000 - 0x00007ffdb247b000 	C:\Windows\SYSTEM32\IPHLPAPI.DLL
0x00007ffdb4c20000 - 0x00007ffdb4c28000 	C:\Windows\System32\NSI.dll
0x00007ffdab130000 - 0x00007ffdab147000 	C:\Windows\SYSTEM32\dhcpcsvc6.DLL
0x00007ffdab110000 - 0x00007ffdab12d000 	C:\Windows\SYSTEM32\dhcpcsvc.DLL
0x00007ffdb2480000 - 0x00007ffdb254c000 	C:\Windows\SYSTEM32\DNSAPI.dll
0x00007ffdab4d0000 - 0x00007ffdab4db000 	C:\Windows\SYSTEM32\WINNSI.DLL

VM Arguments:
jvm_args: -Xmx2048m -Dfile.encoding=UTF-8 -Duser.country=ID -Duser.language=en -Duser.variant 
java_command: org.gradle.launcher.daemon.bootstrap.GradleDaemon 6.5
java_class_path (initial): C:\Users\bilbi\.gradle\wrapper\dists\gradle-6.5-all\2oz4ud9k3tuxjg84bbf55q0tn\gradle-6.5\lib\gradle-launcher-6.5.jar
Launcher Type: SUN_STANDARD

Environment Variables:
PATH=C:\Windows\system32;C:\Windows;C:\Windows\System32\Wbem;C:\Windows\System32\WindowsPowerShell\v1.0\;C:\Windows\System32\OpenSSH\;C:\Program Files\Azure Data Studio\bin;G:\GIT\Git\cmd;C:\Program Files (x86)\NVIDIA Corporation\PhysX\Common;C:\Program Files\NVIDIA Corporation\NVIDIA NvDLISR;C:\Program Files (x86)\sqlite3;C:\Program Files (x86)\PuTTY\;C:\Users\bilbi\AppData\Local\Microsoft\WindowsApps;C:\Users\bilbi\AppData\Local\GitHubDesktop\bin;C:\adb;C:\Program Files\dotnet\;C:\Program Files (x86)\dotnet\;C:\Program Files\Microsoft SQL Server\Client SDK\ODBC\170\Tools\Binn\;C:\Program Files (x86)\Microsoft SQL Server\150\Tools\Binn\;C:\Program Files\Microsoft SQL Server\150\Tools\Binn\;C:\Program Files\Microsoft SQL Server\150\DTS\Binn\;C:\Program Files (x86)\Microsoft SQL Server\150\DTS\Binn\;C:\Program Files\Microsoft SQL Server\130\Tools\Binn\;C:\Users\bilbi\AppData\Local\Microsoft\WindowsApps;C:\Program Files\Azure Data Studio\bin;C:\Users\bilbi\AppData\Local\GitHubDesktop\bin;C:\Users\bilbi\.dotnet\tools
USERNAME=bill
OS=Windows_NT
PROCESSOR_IDENTIFIER=Intel64 Family 6 Model 158 Stepping 10, GenuineIntel



---------------  S Y S T E M  ---------------

OS: Windows 10.0 , 64 bit Build 19041 (10.0.19041.1023)

CPU:total 12 (initial active 12) (6 cores per cpu, 2 threads per core) family 6 model 158 stepping 10, cmov, cx8, fxsr, mmx, sse, sse2, sse3, ssse3, sse4.1, sse4.2, popcnt, avx, avx2, aes, clmul, erms, 3dnowpref, lzcnt, ht, tsc, tscinvbit, bmi1, bmi2, adx

Memory: 4k page, physical 8235768k(526032k free), swap 16624376k(3080k free)

vm_info: OpenJDK 64-Bit Server VM (25.242-b01) for windows-amd64 JRE (1.8.0_242-release-1644-b01), built by "builder" with MS VC++ 10.0 (VS2010)

time: Fri Jul 09 22:54:46 2021
timezone: SE Asia Standard Time
elapsed time: 2 seconds (0d 0h 0m 2s)

